<?xml version="1.0" encoding="UTF-8" ?>
<testsuite tests="7" failures="0" name="esiea.api.VoitureAPITest" time="4.03" errors="0" skipped="0">
  <properties>
[...]
</properties>
  <testcase classname="esiea.api.VoitureAPITest" name="testAjouterVoitureAvecEchec" time="1.903"/>
  <testcase classname="esiea.api.VoitureAPITest" name="testGetVoituresJson" time="2.058"/>
  <testcase classname="esiea.api.VoitureAPITest" name="testAjoutAvecException" time="0.007"/>
  <testcase classname="esiea.api.VoitureAPITest" name="testAjoutAvecDonneesCorrectes" time="0.004"/>
  <testcase classname="esiea.api.VoitureAPITest" name="testParametreNonValideNum" time="0.056"/>
  <testcase classname="esiea.api.VoitureAPITest" name="testAjoutAvecDonneesIncorrectes" time="0.001"/>
  <testcase classname="esiea.api.VoitureAPITest" name="testAjoutVoitureReussi" time="0.001"/>
</testsuite>