<?xml version="1.0" encoding="UTF-8"?>
<testsuite xmlns:xsi="http://www.w3.org/2001/XMLSchema-instance" xsi:noNamespaceSchemaLocation="https://maven.apache.org/surefire/maven-surefire-plugin/xsd/surefire-test-report-3.0.xsd" version="3.0" name="esiea.api.VoitureAPITest" time="3.687" tests="9" errors="0" skipped="0" failures="0">
  <properties>
[...]
</properties>
  <testcase name="testAjouterVoitureAvecEchec" classname="esiea.api.VoitureAPITest" time="1.259">
    <system-out><![CDATA[log4j: reset attribute= "false".
log4j: Threshold ="null".
log4j: Class name: [org.apache.log4j.FileAppender]
log4j: Setting property [append] to [false].
log4j: Setting property [file] to [/logs/stockcar_out.log].
log4j: Parsing layout of class: "org.apache.log4j.PatternLayout"
log4j: Setting property [conversionPattern] to [%d{yyyy-MM-dd HH:mm:ss} %-5p %c{1}:%L - %m%n].
log4j: setFile called: /logs/stockcar_out.log, false
log4j: setFile ended
log4j: Adding appender named [filedebug] to category [root].
log4j: Class name: [org.apache.log4j.FileAppender]
log4j: Setting property [append] to [false].
log4j: Setting property [file] to [/logs/stockcar_err.log].
log4j: Parsing layout of class: "org.apache.log4j.PatternLayout"
log4j: Setting property [conversionPattern] to [%d{yyyy-MM-dd HH:mm:ss} %-5p %c{1}:%L - %m%n].
log4j: setFile called: /logs/stockcar_err.log, false
log4j: setFile ended
log4j: Adding appender named [fileerror] to category [root].
log4j: Class name: [org.apache.log4j.ConsoleAppender]
log4j: Parsing layout of class: "org.apache.log4j.PatternLayout"
log4j: Setting property [conversionPattern] to [%d{yyyy-MM-dd HH:mm:ss} %-5p %c{1}:%L - %m%n].
log4j: Adding appender named [console] to category [root].
]]></system-out>
    <system-err><![CDATA[log4j:ERROR Could not instantiate class [org.apache.log4j.varia.LevelRangerFilter].
java.lang.ClassNotFoundException: org.apache.log4j.varia.LevelRangerFilter
	at java.net.URLClassLoader.findClass(URLClassLoader.java:387)
	at java.lang.ClassLoader.loadClass(ClassLoader.java:418)
	at sun.misc.Launcher$AppClassLoader.loadClass(Launcher.java:352)
	at java.lang.ClassLoader.loadClass(ClassLoader.java:351)
	at java.lang.Class.forName0(Native Method)
	at java.lang.Class.forName(Class.java:264)
	at org.apache.log4j.helpers.Loader.loadClass(Loader.java:198)
	at org.apache.log4j.helpers.OptionConverter.instantiateByClassName(OptionConverter.java:327)
	at org.apache.log4j.xml.DOMConfigurator.parseFilters(DOMConfigurator.java:360)
	at org.apache.log4j.xml.DOMConfigurator.parseAppender(DOMConfigurator.java:273)
	at org.apache.log4j.xml.DOMConfigurator.findAppenderByName(DOMConfigurator.java:176)
	at org.apache.log4j.xml.DOMConfigurator.findAppenderByReference(DOMConfigurator.java:191)
	at org.apache.log4j.xml.DOMConfigurator.parseChildrenOfLoggerElement(DOMConfigurator.java:523)
	at org.apache.log4j.xml.DOMConfigurator.parseRoot(DOMConfigurator.java:492)
	at org.apache.log4j.xml.DOMConfigurator.parse(DOMConfigurator.java:1006)
	at org.apache.log4j.xml.DOMConfigurator.doConfigure(DOMConfigurator.java:872)
	at org.apache.log4j.xml.DOMConfigurator.doConfigure(DOMConfigurator.java:778)
	at org.apache.log4j.helpers.OptionConverter.selectAndConfigure(OptionConverter.java:526)
	at org.apache.log4j.LogManager.<clinit>(LogManager.java:127)
	at org.apache.log4j.Logger.getLogger(Logger.java:117)
	at esiea.dao.VoitureDAO.<clinit>(VoitureDAO.java:20)
	at sun.reflect.GeneratedSerializationConstructorAccessor2.newInstance(Unknown Source)
	at java.lang.reflect.Constructor.newInstance(Constructor.java:423)
	at org.objenesis.instantiator.sun.SunReflectionFactoryInstantiator.newInstance(SunReflectionFactoryInstantiator.java:48)
	at org.objenesis.ObjenesisBase.newInstance(ObjenesisBase.java:73)
	at org.mockito.internal.creation.instance.ObjenesisInstantiator.newInstance(ObjenesisInstantiator.java:22)
	at org.mockito.internal.creation.bytebuddy.SubclassByteBuddyMockMaker.createMock(SubclassByteBuddyMockMaker.java:48)
	at org.mockito.internal.creation.bytebuddy.ByteBuddyMockMaker.createMock(ByteBuddyMockMaker.java:43)
	at org.powermock.api.mockito.mockmaker.PowerMockMaker.createMock(PowerMockMaker.java:41)
	at org.mockito.internal.util.MockUtil.createMock(MockUtil.java:53)
	at org.mockito.internal.MockitoCore.mock(MockitoCore.java:84)
	at org.mockito.Mockito.mock(Mockito.java:1964)
	at org.mockito.internal.configuration.MockAnnotationProcessor.processAnnotationForMock(MockAnnotationProcessor.java:66)
	at org.mockito.internal.configuration.MockAnnotationProcessor.process(MockAnnotationProcessor.java:27)
	at org.mockito.internal.configuration.MockAnnotationProcessor.process(MockAnnotationProcessor.java:24)
	at org.mockito.internal.configuration.IndependentAnnotationEngine.createMockFor(IndependentAnnotationEngine.java:45)
	at org.mockito.internal.configuration.IndependentAnnotationEngine.process(IndependentAnnotationEngine.java:73)
	at org.mockito.internal.configuration.InjectingAnnotationEngine.processIndependentAnnotations(InjectingAnnotationEngine.java:74)
	at org.mockito.internal.configuration.InjectingAnnotationEngine.process(InjectingAnnotationEngine.java:48)
	at org.mockito.MockitoAnnotations.openMocks(MockitoAnnotations.java:82)
	at org.mockito.internal.runners.DefaultInternalRunner$1$1.evaluate(DefaultInternalRunner.java:50)
	at org.junit.runners.ParentRunner$3.evaluate(ParentRunner.java:306)
	at org.junit.runners.BlockJUnit4ClassRunner$1.evaluate(BlockJUnit4ClassRunner.java:100)
	at org.junit.runners.ParentRunner.runLeaf(ParentRunner.java:366)
	at org.junit.runners.BlockJUnit4ClassRunner.runChild(BlockJUnit4ClassRunner.java:103)
	at org.junit.runners.BlockJUnit4ClassRunner.runChild(BlockJUnit4ClassRunner.java:63)
	at org.junit.runners.ParentRunner$4.run(ParentRunner.java:331)
	at org.junit.runners.ParentRunner$1.schedule(ParentRunner.java:79)
	at org.junit.runners.ParentRunner.runChildren(ParentRunner.java:329)
	at org.junit.runners.ParentRunner.access$100(ParentRunner.java:66)
	at org.junit.runners.ParentRunner$2.evaluate(ParentRunner.java:293)
	at org.junit.runners.ParentRunner$3.evaluate(ParentRunner.java:306)
	at org.junit.runners.ParentRunner.run(ParentRunner.java:413)
	at org.mockito.internal.runners.DefaultInternalRunner$1.run(DefaultInternalRunner.java:100)
	at org.mockito.internal.runners.DefaultInternalRunner.run(DefaultInternalRunner.java:107)
	at org.mockito.internal.runners.StrictRunner.run(StrictRunner.java:41)
	at org.mockito.junit.MockitoJUnitRunner.run(MockitoJUnitRunner.java:163)
	at org.apache.maven.surefire.junit4.JUnit4Provider.execute(JUnit4Provider.java:316)
	at org.apache.maven.surefire.junit4.JUnit4Provider.executeWithRerun(JUnit4Provider.java:240)
	at org.apache.maven.surefire.junit4.JUnit4Provider.executeTestSet(JUnit4Provider.java:214)
	at org.apache.maven.surefire.junit4.JUnit4Provider.invoke(JUnit4Provider.java:155)
	at org.apache.maven.surefire.booter.ForkedBooter.runSuitesInProcess(ForkedBooter.java:385)
	at org.apache.maven.surefire.booter.ForkedBooter.execute(ForkedBooter.java:162)
	at org.apache.maven.surefire.booter.ForkedBooter.run(ForkedBooter.java:507)
	at org.apache.maven.surefire.booter.ForkedBooter.main(ForkedBooter.java:495)
log4j:ERROR Could not instantiate class [org.apache.log4j.varia.LevelRangerFilter].
java.lang.ClassNotFoundException: org.apache.log4j.varia.LevelRangerFilter
	at java.net.URLClassLoader.findClass(URLClassLoader.java:387)
	at java.lang.ClassLoader.loadClass(ClassLoader.java:418)
	at sun.misc.Launcher$AppClassLoader.loadClass(Launcher.java:352)
	at java.lang.ClassLoader.loadClass(ClassLoader.java:351)
	at java.lang.Class.forName0(Native Method)
	at java.lang.Class.forName(Class.java:264)
	at org.apache.log4j.helpers.Loader.loadClass(Loader.java:198)
	at org.apache.log4j.helpers.OptionConverter.instantiateByClassName(OptionConverter.java:327)
	at org.apache.log4j.xml.DOMConfigurator.parseFilters(DOMConfigurator.java:360)
	at org.apache.log4j.xml.DOMConfigurator.parseAppender(DOMConfigurator.java:273)
	at org.apache.log4j.xml.DOMConfigurator.findAppenderByName(DOMConfigurator.java:176)
	at org.apache.log4j.xml.DOMConfigurator.findAppenderByReference(DOMConfigurator.java:191)
	at org.apache.log4j.xml.DOMConfigurator.parseChildrenOfLoggerElement(DOMConfigurator.java:523)
	at org.apache.log4j.xml.DOMConfigurator.parseRoot(DOMConfigurator.java:492)
	at org.apache.log4j.xml.DOMConfigurator.parse(DOMConfigurator.java:1006)
	at org.apache.log4j.xml.DOMConfigurator.doConfigure(DOMConfigurator.java:872)
	at org.apache.log4j.xml.DOMConfigurator.doConfigure(DOMConfigurator.java:778)
	at org.apache.log4j.helpers.OptionConverter.selectAndConfigure(OptionConverter.java:526)
	at org.apache.log4j.LogManager.<clinit>(LogManager.java:127)
	at org.apache.log4j.Logger.getLogger(Logger.java:117)
	at esiea.dao.VoitureDAO.<clinit>(VoitureDAO.java:20)
	at sun.reflect.GeneratedSerializationConstructorAccessor2.newInstance(Unknown Source)
	at java.lang.reflect.Constructor.newInstance(Constructor.java:423)
	at org.objenesis.instantiator.sun.SunReflectionFactoryInstantiator.newInstance(SunReflectionFactoryInstantiator.java:48)
	at org.objenesis.ObjenesisBase.newInstance(ObjenesisBase.java:73)
	at org.mockito.internal.creation.instance.ObjenesisInstantiator.newInstance(ObjenesisInstantiator.java:22)
	at org.mockito.internal.creation.bytebuddy.SubclassByteBuddyMockMaker.createMock(SubclassByteBuddyMockMaker.java:48)
	at org.mockito.internal.creation.bytebuddy.ByteBuddyMockMaker.createMock(ByteBuddyMockMaker.java:43)
	at org.powermock.api.mockito.mockmaker.PowerMockMaker.createMock(PowerMockMaker.java:41)
	at org.mockito.internal.util.MockUtil.createMock(MockUtil.java:53)
	at org.mockito.internal.MockitoCore.mock(MockitoCore.java:84)
	at org.mockito.Mockito.mock(Mockito.java:1964)
	at org.mockito.internal.configuration.MockAnnotationProcessor.processAnnotationForMock(MockAnnotationProcessor.java:66)
	at org.mockito.internal.configuration.MockAnnotationProcessor.process(MockAnnotationProcessor.java:27)
	at org.mockito.internal.configuration.MockAnnotationProcessor.process(MockAnnotationProcessor.java:24)
	at org.mockito.internal.configuration.IndependentAnnotationEngine.createMockFor(IndependentAnnotationEngine.java:45)
	at org.mockito.internal.configuration.IndependentAnnotationEngine.process(IndependentAnnotationEngine.java:73)
	at org.mockito.internal.configuration.InjectingAnnotationEngine.processIndependentAnnotations(InjectingAnnotationEngine.java:74)
	at org.mockito.internal.configuration.InjectingAnnotationEngine.process(InjectingAnnotationEngine.java:48)
	at org.mockito.MockitoAnnotations.openMocks(MockitoAnnotations.java:82)
	at org.mockito.internal.runners.DefaultInternalRunner$1$1.evaluate(DefaultInternalRunner.java:50)
	at org.junit.runners.ParentRunner$3.evaluate(ParentRunner.java:306)
	at org.junit.runners.BlockJUnit4ClassRunner$1.evaluate(BlockJUnit4ClassRunner.java:100)
	at org.junit.runners.ParentRunner.runLeaf(ParentRunner.java:366)
	at org.junit.runners.BlockJUnit4ClassRunner.runChild(BlockJUnit4ClassRunner.java:103)
	at org.junit.runners.BlockJUnit4ClassRunner.runChild(BlockJUnit4ClassRunner.java:63)
	at org.junit.runners.ParentRunner$4.run(ParentRunner.java:331)
	at org.junit.runners.ParentRunner$1.schedule(ParentRunner.java:79)
	at org.junit.runners.ParentRunner.runChildren(ParentRunner.java:329)
	at org.junit.runners.ParentRunner.access$100(ParentRunner.java:66)
	at org.junit.runners.ParentRunner$2.evaluate(ParentRunner.java:293)
	at org.junit.runners.ParentRunner$3.evaluate(ParentRunner.java:306)
	at org.junit.runners.ParentRunner.run(ParentRunner.java:413)
	at org.mockito.internal.runners.DefaultInternalRunner$1.run(DefaultInternalRunner.java:100)
	at org.mockito.internal.runners.DefaultInternalRunner.run(DefaultInternalRunner.java:107)
	at org.mockito.internal.runners.StrictRunner.run(StrictRunner.java:41)
	at org.mockito.junit.MockitoJUnitRunner.run(MockitoJUnitRunner.java:163)
	at org.apache.maven.surefire.junit4.JUnit4Provider.execute(JUnit4Provider.java:316)
	at org.apache.maven.surefire.junit4.JUnit4Provider.executeWithRerun(JUnit4Provider.java:240)
	at org.apache.maven.surefire.junit4.JUnit4Provider.executeTestSet(JUnit4Provider.java:214)
	at org.apache.maven.surefire.junit4.JUnit4Provider.invoke(JUnit4Provider.java:155)
	at org.apache.maven.surefire.booter.ForkedBooter.runSuitesInProcess(ForkedBooter.java:385)
	at org.apache.maven.surefire.booter.ForkedBooter.execute(ForkedBooter.java:162)
	at org.apache.maven.surefire.booter.ForkedBooter.run(ForkedBooter.java:507)
	at org.apache.maven.surefire.booter.ForkedBooter.main(ForkedBooter.java:495)
java.sql.SQLException: Erreur SQL simulée
	at esiea.api.VoitureAPI.ajouterVoiture(VoitureAPI.java:84)
	at esiea.api.VoitureAPITest.testAjouterVoitureAvecEchec(VoitureAPITest.java:66)
	at org.junit.runners.model.FrameworkMethod$1.runReflectiveCall(FrameworkMethod.java:59)
	at org.junit.internal.runners.model.ReflectiveCallable.run(ReflectiveCallable.java:12)
	at org.junit.runners.model.FrameworkMethod.invokeExplosively(FrameworkMethod.java:56)
	at org.junit.internal.runners.statements.InvokeMethod.evaluate(InvokeMethod.java:17)
	at org.junit.internal.runners.statements.RunBefores.evaluate(RunBefores.java:26)
	at org.mockito.internal.runners.DefaultInternalRunner$1$1.evaluate(DefaultInternalRunner.java:55)
	at org.junit.runners.ParentRunner$3.evaluate(ParentRunner.java:306)
	at org.junit.runners.BlockJUnit4ClassRunner$1.evaluate(BlockJUnit4ClassRunner.java:100)
	at org.junit.runners.ParentRunner.runLeaf(ParentRunner.java:366)
	at org.junit.runners.BlockJUnit4ClassRunner.runChild(BlockJUnit4ClassRunner.java:103)
	at org.junit.runners.BlockJUnit4ClassRunner.runChild(BlockJUnit4ClassRunner.java:63)
	at org.junit.runners.ParentRunner$4.run(ParentRunner.java:331)
	at org.junit.runners.ParentRunner$1.schedule(ParentRunner.java:79)
	at org.junit.runners.ParentRunner.runChildren(ParentRunner.java:329)
	at org.junit.runners.ParentRunner.access$100(ParentRunner.java:66)
	at org.junit.runners.ParentRunner$2.evaluate(ParentRunner.java:293)
	at org.junit.runners.ParentRunner$3.evaluate(ParentRunner.java:306)
	at org.junit.runners.ParentRunner.run(ParentRunner.java:413)
	at org.mockito.internal.runners.DefaultInternalRunner$1.run(DefaultInternalRunner.java:100)
	at org.mockito.internal.runners.DefaultInternalRunner.run(DefaultInternalRunner.java:107)
	at org.mockito.internal.runners.StrictRunner.run(StrictRunner.java:41)
	at org.mockito.junit.MockitoJUnitRunner.run(MockitoJUnitRunner.java:163)
	at org.apache.maven.surefire.junit4.JUnit4Provider.execute(JUnit4Provider.java:316)
	at org.apache.maven.surefire.junit4.JUnit4Provider.executeWithRerun(JUnit4Provider.java:240)
	at org.apache.maven.surefire.junit4.JUnit4Provider.executeTestSet(JUnit4Provider.java:214)
	at org.apache.maven.surefire.junit4.JUnit4Provider.invoke(JUnit4Provider.java:155)
	at org.apache.maven.surefire.booter.ForkedBooter.runSuitesInProcess(ForkedBooter.java:385)
	at org.apache.maven.surefire.booter.ForkedBooter.execute(ForkedBooter.java:162)
	at org.apache.maven.surefire.booter.ForkedBooter.run(ForkedBooter.java:507)
	at org.apache.maven.surefire.booter.ForkedBooter.main(ForkedBooter.java:495)
]]></system-err>
  </testcase>
  <testcase name="testSupprimerVoitureEchec" classname="esiea.api.VoitureAPITest" time="0.008">
    <system-err><![CDATA[java.sql.SQLException: Erreur SQL simulée
	at esiea.api.VoitureAPI.supprimerVoiture(VoitureAPI.java:106)
	at esiea.api.VoitureAPITest.testSupprimerVoitureEchec(VoitureAPITest.java:267)
	at org.junit.runners.model.FrameworkMethod$1.runReflectiveCall(FrameworkMethod.java:59)
	at org.junit.internal.runners.model.ReflectiveCallable.run(ReflectiveCallable.java:12)
	at org.junit.runners.model.FrameworkMethod.invokeExplosively(FrameworkMethod.java:56)
	at org.junit.internal.runners.statements.InvokeMethod.evaluate(InvokeMethod.java:17)
	at org.junit.internal.runners.statements.RunBefores.evaluate(RunBefores.java:26)
	at org.mockito.internal.runners.DefaultInternalRunner$1$1.evaluate(DefaultInternalRunner.java:55)
	at org.junit.runners.ParentRunner$3.evaluate(ParentRunner.java:306)
	at org.junit.runners.BlockJUnit4ClassRunner$1.evaluate(BlockJUnit4ClassRunner.java:100)
	at org.junit.runners.ParentRunner.runLeaf(ParentRunner.java:366)
	at org.junit.runners.BlockJUnit4ClassRunner.runChild(BlockJUnit4ClassRunner.java:103)
	at org.junit.runners.BlockJUnit4ClassRunner.runChild(BlockJUnit4ClassRunner.java:63)
	at org.junit.runners.ParentRunner$4.run(ParentRunner.java:331)
	at org.junit.runners.ParentRunner$1.schedule(ParentRunner.java:79)
	at org.junit.runners.ParentRunner.runChildren(ParentRunner.java:329)
	at org.junit.runners.ParentRunner.access$100(ParentRunner.java:66)
	at org.junit.runners.ParentRunner$2.evaluate(ParentRunner.java:293)
	at org.junit.runners.ParentRunner$3.evaluate(ParentRunner.java:306)
	at org.junit.runners.ParentRunner.run(ParentRunner.java:413)
	at org.mockito.internal.runners.DefaultInternalRunner$1.run(DefaultInternalRunner.java:100)
	at org.mockito.internal.runners.DefaultInternalRunner.run(DefaultInternalRunner.java:107)
	at org.mockito.internal.runners.StrictRunner.run(StrictRunner.java:41)
	at org.mockito.junit.MockitoJUnitRunner.run(MockitoJUnitRunner.java:163)
	at org.apache.maven.surefire.junit4.JUnit4Provider.execute(JUnit4Provider.java:316)
	at org.apache.maven.surefire.junit4.JUnit4Provider.executeWithRerun(JUnit4Provider.java:240)
	at org.apache.maven.surefire.junit4.JUnit4Provider.executeTestSet(JUnit4Provider.java:214)
	at org.apache.maven.surefire.junit4.JUnit4Provider.invoke(JUnit4Provider.java:155)
	at org.apache.maven.surefire.booter.ForkedBooter.runSuitesInProcess(ForkedBooter.java:385)
	at org.apache.maven.surefire.booter.ForkedBooter.execute(ForkedBooter.java:162)
	at org.apache.maven.surefire.booter.ForkedBooter.run(ForkedBooter.java:507)
	at org.apache.maven.surefire.booter.ForkedBooter.main(ForkedBooter.java:495)
]]></system-err>
  </testcase>
  <testcase name="testAjoutAvecException" classname="esiea.api.VoitureAPITest" time="0.007">
    <system-err><![CDATA[java.sql.SQLException: Erreur SQL simulée
	at esiea.api.VoitureAPI.ajouterVoiture(VoitureAPI.java:84)
	at esiea.api.VoitureAPITest.testAjoutAvecException(VoitureAPITest.java:118)
	at org.junit.runners.model.FrameworkMethod$1.runReflectiveCall(FrameworkMethod.java:59)
	at org.junit.internal.runners.model.ReflectiveCallable.run(ReflectiveCallable.java:12)
	at org.junit.runners.model.FrameworkMethod.invokeExplosively(FrameworkMethod.java:56)
	at org.junit.internal.runners.statements.InvokeMethod.evaluate(InvokeMethod.java:17)
	at org.junit.internal.runners.statements.RunBefores.evaluate(RunBefores.java:26)
	at org.mockito.internal.runners.DefaultInternalRunner$1$1.evaluate(DefaultInternalRunner.java:55)
	at org.junit.runners.ParentRunner$3.evaluate(ParentRunner.java:306)
	at org.junit.runners.BlockJUnit4ClassRunner$1.evaluate(BlockJUnit4ClassRunner.java:100)
	at org.junit.runners.ParentRunner.runLeaf(ParentRunner.java:366)
	at org.junit.runners.BlockJUnit4ClassRunner.runChild(BlockJUnit4ClassRunner.java:103)
	at org.junit.runners.BlockJUnit4ClassRunner.runChild(BlockJUnit4ClassRunner.java:63)
	at org.junit.runners.ParentRunner$4.run(ParentRunner.java:331)
	at org.junit.runners.ParentRunner$1.schedule(ParentRunner.java:79)
	at org.junit.runners.ParentRunner.runChildren(ParentRunner.java:329)
	at org.junit.runners.ParentRunner.access$100(ParentRunner.java:66)
	at org.junit.runners.ParentRunner$2.evaluate(ParentRunner.java:293)
	at org.junit.runners.ParentRunner$3.evaluate(ParentRunner.java:306)
	at org.junit.runners.ParentRunner.run(ParentRunner.java:413)
	at org.mockito.internal.runners.DefaultInternalRunner$1.run(DefaultInternalRunner.java:100)
	at org.mockito.internal.runners.DefaultInternalRunner.run(DefaultInternalRunner.java:107)
	at org.mockito.internal.runners.StrictRunner.run(StrictRunner.java:41)
	at org.mockito.junit.MockitoJUnitRunner.run(MockitoJUnitRunner.java:163)
	at org.apache.maven.surefire.junit4.JUnit4Provider.execute(JUnit4Provider.java:316)
	at org.apache.maven.surefire.junit4.JUnit4Provider.executeWithRerun(JUnit4Provider.java:240)
	at org.apache.maven.surefire.junit4.JUnit4Provider.executeTestSet(JUnit4Provider.java:214)
	at org.apache.maven.surefire.junit4.JUnit4Provider.invoke(JUnit4Provider.java:155)
	at org.apache.maven.surefire.booter.ForkedBooter.runSuitesInProcess(ForkedBooter.java:385)
	at org.apache.maven.surefire.booter.ForkedBooter.execute(ForkedBooter.java:162)
	at org.apache.maven.surefire.booter.ForkedBooter.run(ForkedBooter.java:507)
	at org.apache.maven.surefire.booter.ForkedBooter.main(ForkedBooter.java:495)
]]></system-err>
  </testcase>
  <testcase name="testSupprimerVoitureSucces" classname="esiea.api.VoitureAPITest" time="0"/>
  <testcase name="testAjoutAvecDonneesCorrectes" classname="esiea.api.VoitureAPITest" time="0"/>
  <testcase name="testParametreNonValideNum" classname="esiea.api.VoitureAPITest" time="1.43">
    <system-out><![CDATA[2023-10-31 09:54:48 DEBUG BasicClientConnectionManager:161 - Get connection for route {s}->https://cours-qualite.groupe-esiea.fr:443
2023-10-31 09:54:48 DEBUG DefaultClientConnectionOperator:177 - Connecting to cours-qualite.groupe-esiea.fr:443
2023-10-31 09:54:48 DEBUG RequestAddCookies:123 - CookieSpec selected: ignoreCookies
2023-10-31 09:54:48 DEBUG RequestAuthCache:77 - Auth cache not set in the context
2023-10-31 09:54:48 DEBUG RequestTargetAuthentication:80 - Target auth state: UNCHALLENGED
2023-10-31 09:54:48 DEBUG RequestProxyAuthentication:89 - Proxy auth state: UNCHALLENGED
2023-10-31 09:54:48 DEBUG DefaultHttpClient:677 - Attempt 1 to execute request
2023-10-31 09:54:48 DEBUG DefaultClientConnection:274 - Sending request: GET /esieaBack/rest/voiture/get/all/ff/10 HTTP/1.1
2023-10-31 09:54:48 DEBUG wire:73 -  >> "GET /esieaBack/rest/voiture/get/all/ff/10 HTTP/1.1[\r][\n]"
2023-10-31 09:54:48 DEBUG wire:73 -  >> "Accept: */*[\r][\n]"
2023-10-31 09:54:48 DEBUG wire:73 -  >> "Host: cours-qualite.groupe-esiea.fr[\r][\n]"
2023-10-31 09:54:48 DEBUG wire:73 -  >> "Connection: Keep-Alive[\r][\n]"
2023-10-31 09:54:48 DEBUG wire:73 -  >> "User-Agent: Apache-HttpClient/4.5.13 (Java/1.8.0_392)[\r][\n]"
2023-10-31 09:54:48 DEBUG wire:73 -  >> "Accept-Encoding: gzip,deflate[\r][\n]"
2023-10-31 09:54:48 DEBUG wire:73 -  >> "[\r][\n]"
2023-10-31 09:54:48 DEBUG headers:278 - >> GET /esieaBack/rest/voiture/get/all/ff/10 HTTP/1.1
2023-10-31 09:54:48 DEBUG headers:281 - >> Accept: */*
2023-10-31 09:54:48 DEBUG headers:281 - >> Host: cours-qualite.groupe-esiea.fr
2023-10-31 09:54:48 DEBUG headers:281 - >> Connection: Keep-Alive
2023-10-31 09:54:48 DEBUG headers:281 - >> User-Agent: Apache-HttpClient/4.5.13 (Java/1.8.0_392)
2023-10-31 09:54:48 DEBUG headers:281 - >> Accept-Encoding: gzip,deflate
2023-10-31 09:54:48 DEBUG wire:73 -  << "HTTP/1.1 500 Internal Server Error[\r][\n]"
2023-10-31 09:54:48 DEBUG wire:73 -  << "Alt-Svc: h3=":443"; ma=2592000[\r][\n]"
2023-10-31 09:54:48 DEBUG wire:73 -  << "Content-Language: fr[\r][\n]"
2023-10-31 09:54:48 DEBUG wire:73 -  << "Content-Length: 3143[\r][\n]"
2023-10-31 09:54:48 DEBUG wire:73 -  << "Content-Type: text/html;charset=utf-8[\r][\n]"
2023-10-31 09:54:48 DEBUG wire:73 -  << "Date: Tue, 31 Oct 2023 08:54:50 GMT[\r][\n]"
2023-10-31 09:54:48 DEBUG wire:73 -  << "Server: Caddy[\r][\n]"
2023-10-31 09:54:48 DEBUG wire:73 -  << "[\r][\n]"
2023-10-31 09:54:48 DEBUG DefaultClientConnection:259 - Receiving response: HTTP/1.1 500 Internal Server Error
2023-10-31 09:54:48 DEBUG headers:262 - << HTTP/1.1 500 Internal Server Error
2023-10-31 09:54:48 DEBUG headers:265 - << Alt-Svc: h3=":443"; ma=2592000
2023-10-31 09:54:48 DEBUG headers:265 - << Content-Language: fr
2023-10-31 09:54:48 DEBUG headers:265 - << Content-Length: 3143
2023-10-31 09:54:48 DEBUG headers:265 - << Content-Type: text/html;charset=utf-8
2023-10-31 09:54:48 DEBUG headers:265 - << Date: Tue, 31 Oct 2023 08:54:50 GMT
2023-10-31 09:54:48 DEBUG headers:265 - << Server: Caddy
2023-10-31 09:54:48 DEBUG DefaultHttpClient:504 - Connection can be kept alive indefinitely
2023-10-31 09:54:49 DEBUG RequestSpecificationImpl$RestAssuredHttpBuilder:545 - Parsing response as: text/html;charset=utf-8
2023-10-31 09:54:49 DEBUG RequestSpecificationImpl$RestAssuredHttpBuilder:548 - Parsed data to instance of: class org.apache.http.conn.EofSensorInputStream
]]></system-out>
  </testcase>
  <testcase name="testAjoutAvecDonneesIncorrectes" classname="esiea.api.VoitureAPITest" time="0"/>
  <testcase name="testGetVoituresJsonValid" classname="esiea.api.VoitureAPITest" time="0.889">
    <system-out><![CDATA[2023-10-31 09:54:49 DEBUG BasicClientConnectionManager:161 - Get connection for route {s}->https://cours-qualite.groupe-esiea.fr:443
2023-10-31 09:54:49 DEBUG DefaultClientConnectionOperator:177 - Connecting to cours-qualite.groupe-esiea.fr:443
2023-10-31 09:54:49 DEBUG RequestAddCookies:123 - CookieSpec selected: ignoreCookies
2023-10-31 09:54:49 DEBUG RequestAuthCache:77 - Auth cache not set in the context
2023-10-31 09:54:49 DEBUG RequestTargetAuthentication:80 - Target auth state: UNCHALLENGED
2023-10-31 09:54:49 DEBUG RequestProxyAuthentication:89 - Proxy auth state: UNCHALLENGED
2023-10-31 09:54:49 DEBUG DefaultHttpClient:677 - Attempt 1 to execute request
2023-10-31 09:54:49 DEBUG DefaultClientConnection:274 - Sending request: GET /esieaBack/rest/voiture/get/all/0/10 HTTP/1.1
2023-10-31 09:54:49 DEBUG wire:73 -  >> "GET /esieaBack/rest/voiture/get/all/0/10 HTTP/1.1[\r][\n]"
2023-10-31 09:54:49 DEBUG wire:73 -  >> "Accept: */*[\r][\n]"
2023-10-31 09:54:49 DEBUG wire:73 -  >> "Host: cours-qualite.groupe-esiea.fr[\r][\n]"
2023-10-31 09:54:49 DEBUG wire:73 -  >> "Connection: Keep-Alive[\r][\n]"
2023-10-31 09:54:49 DEBUG wire:73 -  >> "User-Agent: Apache-HttpClient/4.5.13 (Java/1.8.0_392)[\r][\n]"
2023-10-31 09:54:49 DEBUG wire:73 -  >> "Accept-Encoding: gzip,deflate[\r][\n]"
2023-10-31 09:54:49 DEBUG wire:73 -  >> "[\r][\n]"
2023-10-31 09:54:49 DEBUG headers:278 - >> GET /esieaBack/rest/voiture/get/all/0/10 HTTP/1.1
2023-10-31 09:54:49 DEBUG headers:281 - >> Accept: */*
2023-10-31 09:54:49 DEBUG headers:281 - >> Host: cours-qualite.groupe-esiea.fr
2023-10-31 09:54:49 DEBUG headers:281 - >> Connection: Keep-Alive
2023-10-31 09:54:49 DEBUG headers:281 - >> User-Agent: Apache-HttpClient/4.5.13 (Java/1.8.0_392)
2023-10-31 09:54:49 DEBUG headers:281 - >> Accept-Encoding: gzip,deflate
2023-10-31 09:54:49 DEBUG wire:73 -  << "HTTP/1.1 200 OK[\r][\n]"
2023-10-31 09:54:49 DEBUG wire:73 -  << "Alt-Svc: h3=":443"; ma=2592000[\r][\n]"
2023-10-31 09:54:49 DEBUG wire:73 -  << "Content-Type: application/json[\r][\n]"
2023-10-31 09:54:49 DEBUG wire:73 -  << "Date: Tue, 31 Oct 2023 08:54:50 GMT[\r][\n]"
2023-10-31 09:54:49 DEBUG wire:73 -  << "Server: Caddy[\r][\n]"
2023-10-31 09:54:49 DEBUG wire:73 -  << "Transfer-Encoding: chunked[\r][\n]"
2023-10-31 09:54:49 DEBUG wire:73 -  << "[\r][\n]"
2023-10-31 09:54:49 DEBUG DefaultClientConnection:259 - Receiving response: HTTP/1.1 200 OK
2023-10-31 09:54:49 DEBUG headers:262 - << HTTP/1.1 200 OK
2023-10-31 09:54:49 DEBUG headers:265 - << Alt-Svc: h3=":443"; ma=2592000
2023-10-31 09:54:49 DEBUG headers:265 - << Content-Type: application/json
2023-10-31 09:54:49 DEBUG headers:265 - << Date: Tue, 31 Oct 2023 08:54:50 GMT
2023-10-31 09:54:49 DEBUG headers:265 - << Server: Caddy
2023-10-31 09:54:49 DEBUG headers:265 - << Transfer-Encoding: chunked
2023-10-31 09:54:49 DEBUG DefaultHttpClient:504 - Connection can be kept alive indefinitely
2023-10-31 09:54:49 DEBUG RequestSpecificationImpl$RestAssuredHttpBuilder:545 - Parsing response as: application/json
2023-10-31 09:54:49 DEBUG RequestSpecificationImpl$RestAssuredHttpBuilder:548 - Parsed data to instance of: class org.apache.http.conn.EofSensorInputStream
2023-10-31 09:54:49 DEBUG BasicClientConnectionManager:161 - Get connection for route {s}->https://cours-qualite.groupe-esiea.fr:443
2023-10-31 09:54:49 DEBUG DefaultClientConnectionOperator:177 - Connecting to cours-qualite.groupe-esiea.fr:443
2023-10-31 09:54:49 DEBUG RequestAddCookies:123 - CookieSpec selected: ignoreCookies
2023-10-31 09:54:49 DEBUG RequestAuthCache:77 - Auth cache not set in the context
2023-10-31 09:54:49 DEBUG RequestTargetAuthentication:80 - Target auth state: UNCHALLENGED
2023-10-31 09:54:49 DEBUG RequestProxyAuthentication:89 - Proxy auth state: UNCHALLENGED
2023-10-31 09:54:49 DEBUG DefaultHttpClient:677 - Attempt 1 to execute request
2023-10-31 09:54:49 DEBUG DefaultClientConnection:274 - Sending request: GET /esieaBack/rest/voiture/get/123/0/10 HTTP/1.1
2023-10-31 09:54:49 DEBUG wire:73 -  >> "GET /esieaBack/rest/voiture/get/123/0/10 HTTP/1.1[\r][\n]"
2023-10-31 09:54:49 DEBUG wire:73 -  >> "Accept: */*[\r][\n]"
2023-10-31 09:54:49 DEBUG wire:73 -  >> "Host: cours-qualite.groupe-esiea.fr[\r][\n]"
2023-10-31 09:54:49 DEBUG wire:73 -  >> "Connection: Keep-Alive[\r][\n]"
2023-10-31 09:54:49 DEBUG wire:73 -  >> "User-Agent: Apache-HttpClient/4.5.13 (Java/1.8.0_392)[\r][\n]"
2023-10-31 09:54:49 DEBUG wire:73 -  >> "Accept-Encoding: gzip,deflate[\r][\n]"
2023-10-31 09:54:49 DEBUG wire:73 -  >> "[\r][\n]"
2023-10-31 09:54:49 DEBUG headers:278 - >> GET /esieaBack/rest/voiture/get/123/0/10 HTTP/1.1
2023-10-31 09:54:49 DEBUG headers:281 - >> Accept: */*
2023-10-31 09:54:49 DEBUG headers:281 - >> Host: cours-qualite.groupe-esiea.fr
2023-10-31 09:54:49 DEBUG headers:281 - >> Connection: Keep-Alive
2023-10-31 09:54:49 DEBUG headers:281 - >> User-Agent: Apache-HttpClient/4.5.13 (Java/1.8.0_392)
2023-10-31 09:54:49 DEBUG headers:281 - >> Accept-Encoding: gzip,deflate
2023-10-31 09:54:49 DEBUG wire:73 -  << "HTTP/1.1 200 OK[\r][\n]"
2023-10-31 09:54:49 DEBUG wire:73 -  << "Alt-Svc: h3=":443"; ma=2592000[\r][\n]"
2023-10-31 09:54:49 DEBUG wire:73 -  << "Content-Type: application/json[\r][\n]"
2023-10-31 09:54:49 DEBUG wire:73 -  << "Date: Tue, 31 Oct 2023 08:54:50 GMT[\r][\n]"
2023-10-31 09:54:49 DEBUG wire:73 -  << "Server: Caddy[\r][\n]"
2023-10-31 09:54:49 DEBUG wire:73 -  << "Transfer-Encoding: chunked[\r][\n]"
2023-10-31 09:54:49 DEBUG wire:73 -  << "[\r][\n]"
2023-10-31 09:54:49 DEBUG DefaultClientConnection:259 - Receiving response: HTTP/1.1 200 OK
2023-10-31 09:54:49 DEBUG headers:262 - << HTTP/1.1 200 OK
2023-10-31 09:54:49 DEBUG headers:265 - << Alt-Svc: h3=":443"; ma=2592000
2023-10-31 09:54:49 DEBUG headers:265 - << Content-Type: application/json
2023-10-31 09:54:49 DEBUG headers:265 - << Date: Tue, 31 Oct 2023 08:54:50 GMT
2023-10-31 09:54:49 DEBUG headers:265 - << Server: Caddy
2023-10-31 09:54:49 DEBUG headers:265 - << Transfer-Encoding: chunked
2023-10-31 09:54:49 DEBUG DefaultHttpClient:504 - Connection can be kept alive indefinitely
2023-10-31 09:54:49 DEBUG RequestSpecificationImpl$RestAssuredHttpBuilder:545 - Parsing response as: application/json
2023-10-31 09:54:49 DEBUG RequestSpecificationImpl$RestAssuredHttpBuilder:548 - Parsed data to instance of: class org.apache.http.conn.EofSensorInputStream
2023-10-31 09:54:49 DEBUG wire:73 -  << "5d4[\r][\n]"
2023-10-31 09:54:49 DEBUG wire:87 -  << "{"volume":12,"voitures":["{\"id\":25679,\"marque\":\"toyota\",\"modele\":\"Camry\",\"finition\":\"XLE\",\"carburant\":\"ESSENCE\",\"km\":13,\"annee\":2012,\"prix\":1890}","{\"id\":25680,\"marque\":\"test2\",\"modele\":\"test2\",\"finition\":\"test\",\"carburant\":\"HYBRIDE\",\"km\":32,\"annee\":1999,\"prix\":123}","{\"id\":25681,\"marque\":\"yes\",\"modele\":\"yes\",\"finition\":\"yes\",\"carburant\":\"DIESEL\",\"km\":12,\"annee\":1986,\"prix\":1000}","{\"id\":25682,\"marque\":\"123\",\"modele\":\"YES\",\"finition\":\"yes\",\"carburant\":\"ELECTRIQUE\",\"km\":12,\"annee\":2012,\"prix\":1234}","{\"id\":25683,\"marque\":\"yes\",\"modele\":\"123\",\"finition\":\"TER\",\"carburant\":\"HYBRIDE\",\"km\":54,\"annee\":2010,\"prix\":733}","{\"id\":25688,\"marque\":\"peugeot\",\"modele\":\"peugeot\",\"finition\":\"peugeot\",\"carburant\":\"ESSENCE\",\"km\":54,\"annee\":1950,\"prix\":876}","{\"id\":25690,\"marque\":\"peugeot\",\"modele\":\"peugeot\",\"finition\":\"peugeot\",\"carburant\":\"ESSENCE\",\"km\":56,\"annee\":1900,\"prix\":876}","{\"id\":25692,\"marque\":\"peugeot\",\"modele\":\"peugeot\",\"finition\":\"peugeot\",\"carburant\":\"HYBRIDE\",\"km\":12,\"annee\":2023,\"prix\":564}","{\"id\":25694,\"marque\":\"peu_geot\",\"modele\":\"peu_geot\",\"finition\":\"peu_geot\",\"carburant\":\"ESSENCE\",\"km\":12,\"annee\":1999,\"prix\":123}","{\"id\":25695,\"marque\":\"PEU\",\"modele\":\"PEU\",\"finition\":\"PEU\",\"carburant\":\"HYBRIDE\",\"km\":12,\"annee\":2012,\"prix\":767}"]}"
2023-10-31 09:54:49 DEBUG wire:73 -  << "[\r][\n]"
2023-10-31 09:54:49 DEBUG wire:73 -  << "0[\r][\n]"
2023-10-31 09:54:49 DEBUG wire:73 -  << "[\r][\n]"
2023-10-31 09:54:49 DEBUG BasicClientConnectionManager:200 - Releasing connection org.apache.http.impl.conn.ManagedClientConnectionImpl@3d1cb317
2023-10-31 09:54:49 DEBUG BasicClientConnectionManager:225 - Connection can be kept alive indefinitely
2023-10-31 09:54:49 DEBUG DefaultClientConnection:180 - Connection 0.0.0.0:50887<->185.235.207.2:443 closed
]]></system-out>
  </testcase>
  <testcase name="testAjoutVoitureReussi" classname="esiea.api.VoitureAPITest" time="0.001"/>
</testsuite>