<?xml version="1.0" encoding="UTF-8"?>
<testsuite xmlns:xsi="http://www.w3.org/2001/XMLSchema-instance" xsi:noNamespaceSchemaLocation="https://maven.apache.org/surefire/maven-surefire-plugin/xsd/surefire-test-report-3.0.xsd" version="3.0" name="esiea.metier.VoitureTest" time="0.199" tests="29" errors="0" skipped="0" failures="0">
  <properties>
[...]
</properties>
  <testcase name="testCheckInvalidAnneeFuture" classname="esiea.metier.VoitureTest" time="0"/>
  <testcase name="getMarqueTest" classname="esiea.metier.VoitureTest" time="0"/>
  <testcase name="getCarburantTest" classname="esiea.metier.VoitureTest" time="0"/>
  <testcase name="CaruburantgetTestFalse" classname="esiea.metier.VoitureTest" time="0"/>
  <testcase name="toStringWorkTest" classname="esiea.metier.VoitureTest" time="0.192"/>
  <testcase name="testCheckInvalidId" classname="esiea.metier.VoitureTest" time="0"/>
  <testcase name="testCheckInvalidKM" classname="esiea.metier.VoitureTest" time="0"/>
  <testcase name="toStringCaruburantTest" classname="esiea.metier.VoitureTest" time="0"/>
  <testcase name="testCheckInvalidFinitionEmpty" classname="esiea.metier.VoitureTest" time="0"/>
  <testcase name="testCheckValidVoiture" classname="esiea.metier.VoitureTest" time="0.001"/>
  <testcase name="testCheckInvalidMarqueEmpty" classname="esiea.metier.VoitureTest" time="0"/>
  <testcase name="getCharTest" classname="esiea.metier.VoitureTest" time="0"/>
  <testcase name="testCheckInvalidPrixDeux" classname="esiea.metier.VoitureTest" time="0"/>
  <testcase name="toStringFailedTest" classname="esiea.metier.VoitureTest" time="0.002"/>
  <testcase name="getIdTest" classname="esiea.metier.VoitureTest" time="0"/>
  <testcase name="testCheckInvalidFinition" classname="esiea.metier.VoitureTest" time="0.001"/>
  <testcase name="testCheckInvalidAnneeOld" classname="esiea.metier.VoitureTest" time="0"/>
  <testcase name="getKmTest" classname="esiea.metier.VoitureTest" time="0"/>
  <testcase name="getTypeDonneesTest" classname="esiea.metier.VoitureTest" time="0"/>
  <testcase name="getPrixTest" classname="esiea.metier.VoitureTest" time="0"/>
  <testcase name="testCheckInvalidPrix" classname="esiea.metier.VoitureTest" time="0"/>
  <testcase name="getAnneeTest" classname="esiea.metier.VoitureTest" time="0.001"/>
  <testcase name="CaruburantgetTest" classname="esiea.metier.VoitureTest" time="0"/>
  <testcase name="testCheckInvalidModeleEmpty" classname="esiea.metier.VoitureTest" time="0"/>
  <testcase name="getFinition" classname="esiea.metier.VoitureTest" time="0"/>
  <testcase name="testCheckInvalidMarque" classname="esiea.metier.VoitureTest" time="0"/>
  <testcase name="testCheckInvalidModele" classname="esiea.metier.VoitureTest" time="0"/>
  <testcase name="getModeleTest" classname="esiea.metier.VoitureTest" time="0"/>
  <testcase name="testCheckInvalidCarburant" classname="esiea.metier.VoitureTest" time="0"/>
</testsuite>