<?xml version="1.0" encoding="UTF-8" ?>
<testsuite tests="8" failures="1" name="esiea.api.VoitureAPITest" time="3.09" errors="0" skipped="0">
  <properties>
[...]
</properties>
  <testcase classname="esiea.api.VoitureAPITest" name="testAjouterVoitureAvecEchec" time="1.21"/>
  <testcase classname="esiea.api.VoitureAPITest" name="testGetVoituresJson" time="1.78"/>
  <testcase classname="esiea.api.VoitureAPITest" name="testParametreNonValide" time="0.061">
    <failure message="1 expectation failed.
Expected status code &lt;404&gt; but was &lt;200&gt;.
" type="java.lang.AssertionError">java.lang.AssertionError: 1 expectation failed.
Expected status code &lt;404&gt; but was &lt;200&gt;.

	at sun.reflect.NativeConstructorAccessorImpl.newInstance0(Native Method)
	at sun.reflect.NativeConstructorAccessorImpl.newInstance(NativeConstructorAccessorImpl.java:62)
	at sun.reflect.DelegatingConstructorAccessorImpl.newInstance(DelegatingConstructorAccessorImpl.java:45)
	at java.lang.reflect.Constructor.newInstance(Constructor.java:423)
	at org.codehaus.groovy.reflection.CachedConstructor.invoke(CachedConstructor.java:72)
	at org.codehaus.groovy.reflection.CachedConstructor.doConstructorInvoke(CachedConstructor.java:59)
	at org.codehaus.groovy.runtime.callsite.ConstructorSite$ConstructorSiteNoUnwrap.callConstructor(ConstructorSite.java:84)
	at org.codehaus.groovy.runtime.callsite.CallSiteArray.defaultCallConstructor(CallSiteArray.java:59)
	at org.codehaus.groovy.runtime.callsite.AbstractCallSite.callConstructor(AbstractCallSite.java:263)
	at org.codehaus.groovy.runtime.callsite.AbstractCallSite.callConstructor(AbstractCallSite.java:277)
	at io.restassured.internal.ResponseSpecificationImpl$HamcrestAssertionClosure.validate(ResponseSpecificationImpl.groovy:493)
	at io.restassured.internal.ResponseSpecificationImpl$HamcrestAssertionClosure$validate$1.call(Unknown Source)
	at io.restassured.internal.ResponseSpecificationImpl.validateResponseIfRequired(ResponseSpecificationImpl.groovy:674)
	at sun.reflect.NativeMethodAccessorImpl.invoke0(Native Method)
	at sun.reflect.NativeMethodAccessorImpl.invoke(NativeMethodAccessorImpl.java:62)
	at sun.reflect.DelegatingMethodAccessorImpl.invoke(DelegatingMethodAccessorImpl.java:43)
	at java.lang.reflect.Method.invoke(Method.java:498)
	at org.codehaus.groovy.runtime.callsite.PlainObjectMetaMethodSite.doInvoke(PlainObjectMetaMethodSite.java:43)
	at org.codehaus.groovy.runtime.callsite.PogoMetaMethodSite$PogoCachedMethodSiteNoUnwrapNoCoerce.invoke(PogoMetaMethodSite.java:193)
	at org.codehaus.groovy.runtime.callsite.PogoMetaMethodSite.callCurrent(PogoMetaMethodSite.java:61)
	at org.codehaus.groovy.runtime.callsite.AbstractCallSite.callCurrent(AbstractCallSite.java:185)
	at io.restassured.internal.ResponseSpecificationImpl.statusCode(ResponseSpecificationImpl.groovy:126)
	at io.restassured.specification.ResponseSpecification$statusCode$0.callCurrent(Unknown Source)
	at io.restassured.internal.ResponseSpecificationImpl.statusCode(ResponseSpecificationImpl.groovy:134)
	at io.restassured.internal.ValidatableResponseOptionsImpl.statusCode(ValidatableResponseOptionsImpl.java:89)
	at io.restassured.internal.ValidatableResponseImpl.super$2$statusCode(ValidatableResponseImpl.groovy)
	at sun.reflect.NativeMethodAccessorImpl.invoke0(Native Method)
	at sun.reflect.NativeMethodAccessorImpl.invoke(NativeMethodAccessorImpl.java:62)
	at sun.reflect.DelegatingMethodAccessorImpl.invoke(DelegatingMethodAccessorImpl.java:43)
	at java.lang.reflect.Method.invoke(Method.java:498)
	at org.codehaus.groovy.reflection.CachedMethod.invoke(CachedMethod.java:107)
	at groovy.lang.MetaMethod.doMethodInvoke(MetaMethod.java:323)
	at groovy.lang.MetaClassImpl.invokeMethod(MetaClassImpl.java:1268)
	at org.codehaus.groovy.runtime.ScriptBytecodeAdapter.invokeMethodOnSuperN(ScriptBytecodeAdapter.java:144)
	at io.restassured.internal.ValidatableResponseImpl.statusCode(ValidatableResponseImpl.groovy:142)
	at io.restassured.internal.ValidatableResponseImpl.statusCode(ValidatableResponseImpl.groovy)
	at esiea.api.VoitureAPITest.testParametreNonValide(VoitureAPITest.java:216)
	at sun.reflect.NativeMethodAccessorImpl.invoke0(Native Method)
	at sun.reflect.NativeMethodAccessorImpl.invoke(NativeMethodAccessorImpl.java:62)
	at sun.reflect.DelegatingMethodAccessorImpl.invoke(DelegatingMethodAccessorImpl.java:43)
	at java.lang.reflect.Method.invoke(Method.java:498)
	at org.junit.runners.model.FrameworkMethod$1.runReflectiveCall(FrameworkMethod.java:59)
	at org.junit.internal.runners.model.ReflectiveCallable.run(ReflectiveCallable.java:12)
	at org.junit.runners.model.FrameworkMethod.invokeExplosively(FrameworkMethod.java:56)
	at org.junit.internal.runners.statements.InvokeMethod.evaluate(InvokeMethod.java:17)
	at org.junit.internal.runners.statements.RunBefores.evaluate(RunBefores.java:26)
	at org.mockito.internal.runners.DefaultInternalRunner$1$1.evaluate(DefaultInternalRunner.java:55)
	at org.junit.runners.ParentRunner$3.evaluate(ParentRunner.java:306)
	at org.junit.runners.BlockJUnit4ClassRunner$1.evaluate(BlockJUnit4ClassRunner.java:100)
	at org.junit.runners.ParentRunner.runLeaf(ParentRunner.java:366)
	at org.junit.runners.BlockJUnit4ClassRunner.runChild(BlockJUnit4ClassRunner.java:103)
	at org.junit.runners.BlockJUnit4ClassRunner.runChild(BlockJUnit4ClassRunner.java:63)
	at org.junit.runners.ParentRunner$4.run(ParentRunner.java:331)
	at org.junit.runners.ParentRunner$1.schedule(ParentRunner.java:79)
	at org.junit.runners.ParentRunner.runChildren(ParentRunner.java:329)
	at org.junit.runners.ParentRunner.access$100(ParentRunner.java:66)
	at org.junit.runners.ParentRunner$2.evaluate(ParentRunner.java:293)
	at org.junit.runners.ParentRunner$3.evaluate(ParentRunner.java:306)
	at org.junit.runners.ParentRunner.run(ParentRunner.java:413)
	at org.mockito.internal.runners.DefaultInternalRunner$1.run(DefaultInternalRunner.java:100)
	at org.mockito.internal.runners.DefaultInternalRunner.run(DefaultInternalRunner.java:107)
	at org.mockito.internal.runners.StrictRunner.run(StrictRunner.java:41)
	at org.mockito.junit.MockitoJUnitRunner.run(MockitoJUnitRunner.java:163)
	at org.apache.maven.surefire.junit4.JUnit4Provider.execute(JUnit4Provider.java:252)
	at org.apache.maven.surefire.junit4.JUnit4Provider.executeTestSet(JUnit4Provider.java:141)
	at org.apache.maven.surefire.junit4.JUnit4Provider.invoke(JUnit4Provider.java:112)
	at sun.reflect.NativeMethodAccessorImpl.invoke0(Native Method)
	at sun.reflect.NativeMethodAccessorImpl.invoke(NativeMethodAccessorImpl.java:62)
	at sun.reflect.DelegatingMethodAccessorImpl.invoke(DelegatingMethodAccessorImpl.java:43)
	at java.lang.reflect.Method.invoke(Method.java:498)
	at org.apache.maven.surefire.util.ReflectionUtils.invokeMethodWithArray(ReflectionUtils.java:189)
	at org.apache.maven.surefire.booter.ProviderFactory$ProviderProxy.invoke(ProviderFactory.java:165)
	at org.apache.maven.surefire.booter.ProviderFactory.invokeProvider(ProviderFactory.java:85)
	at org.apache.maven.surefire.booter.ForkedBooter.runSuitesInProcess(ForkedBooter.java:115)
	at org.apache.maven.surefire.booter.ForkedBooter.main(ForkedBooter.java:75)
</failure>
    <system-out>2023-10-27 15:51:20 DEBUG BasicClientConnectionManager:161 - Get connection for route {}-&gt;http://localhost:8080
2023-10-27 15:51:20 DEBUG DefaultClientConnectionOperator:177 - Connecting to localhost:8080
2023-10-27 15:51:20 DEBUG RequestAddCookies:123 - CookieSpec selected: ignoreCookies
2023-10-27 15:51:20 DEBUG RequestAuthCache:77 - Auth cache not set in the context
2023-10-27 15:51:20 DEBUG RequestTargetAuthentication:80 - Target auth state: UNCHALLENGED
2023-10-27 15:51:20 DEBUG RequestProxyAuthentication:89 - Proxy auth state: UNCHALLENGED
2023-10-27 15:51:20 DEBUG DefaultHttpClient:677 - Attempt 1 to execute request
2023-10-27 15:51:20 DEBUG DefaultClientConnection:274 - Sending request: GET /esieaBack/rest/voiture/get/param_invalid/0/10 HTTP/1.1
2023-10-27 15:51:20 DEBUG wire:73 -  &gt;&gt; &quot;GET /esieaBack/rest/voiture/get/param_invalid/0/10 HTTP/1.1[\r][\n]&quot;
2023-10-27 15:51:20 DEBUG wire:73 -  &gt;&gt; &quot;Accept: */*[\r][\n]&quot;
2023-10-27 15:51:20 DEBUG wire:73 -  &gt;&gt; &quot;Host: localhost:8080[\r][\n]&quot;
2023-10-27 15:51:20 DEBUG wire:73 -  &gt;&gt; &quot;Connection: Keep-Alive[\r][\n]&quot;
2023-10-27 15:51:20 DEBUG wire:73 -  &gt;&gt; &quot;User-Agent: Apache-HttpClient/4.5.13 (Java/1.8.0_392)[\r][\n]&quot;
2023-10-27 15:51:20 DEBUG wire:73 -  &gt;&gt; &quot;Accept-Encoding: gzip,deflate[\r][\n]&quot;
2023-10-27 15:51:20 DEBUG wire:73 -  &gt;&gt; &quot;[\r][\n]&quot;
2023-10-27 15:51:20 DEBUG headers:278 - &gt;&gt; GET /esieaBack/rest/voiture/get/param_invalid/0/10 HTTP/1.1
2023-10-27 15:51:20 DEBUG headers:281 - &gt;&gt; Accept: */*
2023-10-27 15:51:20 DEBUG headers:281 - &gt;&gt; Host: localhost:8080
2023-10-27 15:51:20 DEBUG headers:281 - &gt;&gt; Connection: Keep-Alive
2023-10-27 15:51:20 DEBUG headers:281 - &gt;&gt; User-Agent: Apache-HttpClient/4.5.13 (Java/1.8.0_392)
2023-10-27 15:51:20 DEBUG headers:281 - &gt;&gt; Accept-Encoding: gzip,deflate
2023-10-27 15:51:20 DEBUG wire:73 -  &lt;&lt; &quot;HTTP/1.1 200 [\r][\n]&quot;
2023-10-27 15:51:20 DEBUG wire:73 -  &lt;&lt; &quot;Content-Type: application/json[\r][\n]&quot;
2023-10-27 15:51:20 DEBUG wire:73 -  &lt;&lt; &quot;Transfer-Encoding: chunked[\r][\n]&quot;
2023-10-27 15:51:20 DEBUG wire:73 -  &lt;&lt; &quot;Date: Fri, 27 Oct 2023 13:51:19 GMT[\r][\n]&quot;
2023-10-27 15:51:20 DEBUG wire:73 -  &lt;&lt; &quot;Keep-Alive: timeout=20[\r][\n]&quot;
2023-10-27 15:51:20 DEBUG wire:73 -  &lt;&lt; &quot;Connection: keep-alive[\r][\n]&quot;
2023-10-27 15:51:20 DEBUG wire:73 -  &lt;&lt; &quot;[\r][\n]&quot;
2023-10-27 15:51:20 DEBUG DefaultClientConnection:259 - Receiving response: HTTP/1.1 200 
2023-10-27 15:51:20 DEBUG headers:262 - &lt;&lt; HTTP/1.1 200 
2023-10-27 15:51:20 DEBUG headers:265 - &lt;&lt; Content-Type: application/json
2023-10-27 15:51:20 DEBUG headers:265 - &lt;&lt; Transfer-Encoding: chunked
2023-10-27 15:51:20 DEBUG headers:265 - &lt;&lt; Date: Fri, 27 Oct 2023 13:51:19 GMT
2023-10-27 15:51:20 DEBUG headers:265 - &lt;&lt; Keep-Alive: timeout=20
2023-10-27 15:51:20 DEBUG headers:265 - &lt;&lt; Connection: keep-alive
2023-10-27 15:51:20 DEBUG DefaultHttpClient:504 - Connection can be kept alive for 20000 MILLISECONDS
2023-10-27 15:51:20 DEBUG RequestSpecificationImpl$RestAssuredHttpBuilder:545 - Parsing response as: application/json
2023-10-27 15:51:20 DEBUG RequestSpecificationImpl$RestAssuredHttpBuilder:548 - Parsed data to instance of: class org.apache.http.conn.EofSensorInputStream
</system-out>
  </testcase>
  <testcase classname="esiea.api.VoitureAPITest" name="testAjoutAvecException" time="0.003"/>
  <testcase classname="esiea.api.VoitureAPITest" name="testAjoutAvecDonneesCorrectes" time="0.006"/>
  <testcase classname="esiea.api.VoitureAPITest" name="testParametreNonValideNum" time="0.029"/>
  <testcase classname="esiea.api.VoitureAPITest" name="testAjoutAvecDonneesIncorrectes" time="0"/>
  <testcase classname="esiea.api.VoitureAPITest" name="testAjoutVoitureReussi" time="0.001"/>
</testsuite>