<?xml version="1.0" encoding="UTF-8" ?>
<testsuite tests="4" failures="0" name="esiea.api.VoitureAPITest" time="0.881" errors="0" skipped="0">
  <properties>
[...]
</properties>
  <testcase classname="esiea.api.VoitureAPITest" name="testAjouterVoitureAvecEchec" time="0.868"/>
  <testcase classname="esiea.api.VoitureAPITest" name="testAjoutAvecException" time="0.008"/>
  <testcase classname="esiea.api.VoitureAPITest" name="testAjoutAvecDonneesIncorrectes" time="0"/>
  <testcase classname="esiea.api.VoitureAPITest" name="testAjoutVoitureReussi" time="0.005"/>
</testsuite>