<?xml version="1.0" encoding="UTF-8" ?>
<testsuite tests="8" failures="0" name="esiea.api.VoitureAPITest" time="3.343" errors="0" skipped="0">
  <properties>
[...]
</properties>
  <testcase classname="esiea.api.VoitureAPITest" name="testAjouterVoitureAvecEchec" time="1.21"/>
  <testcase classname="esiea.api.VoitureAPITest" name="testGetVoituresJson" time="1.938"/>
  <testcase classname="esiea.api.VoitureAPITest" name="testAjoutAvecException" time="0.003"/>
  <testcase classname="esiea.api.VoitureAPITest" name="testAjoutAvecDonneesCorrectes" time="0.004"/>
  <testcase classname="esiea.api.VoitureAPITest" name="testParametreNonValideNum" time="0.055"/>
  <testcase classname="esiea.api.VoitureAPITest" name="testAjoutAvecDonneesIncorrectes" time="0"/>
  <testcase classname="esiea.api.VoitureAPITest" name="testGetVoituresJsonValid" time="0.132"/>
  <testcase classname="esiea.api.VoitureAPITest" name="testAjoutVoitureReussi" time="0.001"/>
</testsuite>