<?xml version="1.0" encoding="UTF-8"?>
<testsuite xmlns:xsi="http://www.w3.org/2001/XMLSchema-instance" xsi:noNamespaceSchemaLocation="https://maven.apache.org/surefire/maven-surefire-plugin/xsd/surefire-test-report-3.0.xsd" version="3.0" name="esiea.integrationtest.VoitureIntegrationTest" time="0.724" tests="5" errors="0" skipped="0" failures="0">
  <properties>
[...]
</properties>
  <testcase name="testGetVoituresJson" classname="esiea.integrationtest.VoitureIntegrationTest" time="0.173">
    <system-out><![CDATA[2023-12-02 20:17:11 DEBUG BasicClientConnectionManager:161 - Get connection for route {}->http://localhost:8080
2023-12-02 20:17:11 DEBUG DefaultClientConnectionOperator:177 - Connecting to localhost:8080
2023-12-02 20:17:11 DEBUG RequestAddCookies:123 - CookieSpec selected: ignoreCookies
2023-12-02 20:17:11 DEBUG RequestAuthCache:77 - Auth cache not set in the context
2023-12-02 20:17:11 DEBUG RequestTargetAuthentication:80 - Target auth state: UNCHALLENGED
2023-12-02 20:17:11 DEBUG RequestProxyAuthentication:89 - Proxy auth state: UNCHALLENGED
2023-12-02 20:17:11 DEBUG DefaultHttpClient:677 - Attempt 1 to execute request
2023-12-02 20:17:11 DEBUG DefaultClientConnection:274 - Sending request: GET /esieaBack/rest/voiture/get/all HTTP/1.1
2023-12-02 20:17:11 DEBUG wire:73 -  >> "GET /esieaBack/rest/voiture/get/all HTTP/1.1[\r][\n]"
2023-12-02 20:17:11 DEBUG wire:73 -  >> "Accept: */*[\r][\n]"
2023-12-02 20:17:11 DEBUG wire:73 -  >> "Host: localhost:8080[\r][\n]"
2023-12-02 20:17:11 DEBUG wire:73 -  >> "Connection: Keep-Alive[\r][\n]"
2023-12-02 20:17:11 DEBUG wire:73 -  >> "User-Agent: Apache-HttpClient/4.5.13 (Java/17.0.6)[\r][\n]"
2023-12-02 20:17:11 DEBUG wire:73 -  >> "Accept-Encoding: gzip,deflate[\r][\n]"
2023-12-02 20:17:11 DEBUG wire:73 -  >> "[\r][\n]"
2023-12-02 20:17:11 DEBUG headers:278 - >> GET /esieaBack/rest/voiture/get/all HTTP/1.1
2023-12-02 20:17:11 DEBUG headers:281 - >> Accept: */*
2023-12-02 20:17:11 DEBUG headers:281 - >> Host: localhost:8080
2023-12-02 20:17:11 DEBUG headers:281 - >> Connection: Keep-Alive
2023-12-02 20:17:11 DEBUG headers:281 - >> User-Agent: Apache-HttpClient/4.5.13 (Java/17.0.6)
2023-12-02 20:17:11 DEBUG headers:281 - >> Accept-Encoding: gzip,deflate
2023-12-02 20:17:11 DEBUG wire:73 -  << "HTTP/1.1 200 [\r][\n]"
2023-12-02 20:17:11 DEBUG wire:73 -  << "Content-Type: application/json[\r][\n]"
2023-12-02 20:17:11 DEBUG wire:73 -  << "Transfer-Encoding: chunked[\r][\n]"
2023-12-02 20:17:11 DEBUG wire:73 -  << "Date: Sat, 02 Dec 2023 19:17:11 GMT[\r][\n]"
2023-12-02 20:17:11 DEBUG wire:73 -  << "Keep-Alive: timeout=20[\r][\n]"
2023-12-02 20:17:11 DEBUG wire:73 -  << "Connection: keep-alive[\r][\n]"
2023-12-02 20:17:11 DEBUG wire:73 -  << "[\r][\n]"
2023-12-02 20:17:11 DEBUG DefaultClientConnection:259 - Receiving response: HTTP/1.1 200 
2023-12-02 20:17:11 DEBUG headers:262 - << HTTP/1.1 200 
2023-12-02 20:17:11 DEBUG headers:265 - << Content-Type: application/json
2023-12-02 20:17:11 DEBUG headers:265 - << Transfer-Encoding: chunked
2023-12-02 20:17:11 DEBUG headers:265 - << Date: Sat, 02 Dec 2023 19:17:11 GMT
2023-12-02 20:17:11 DEBUG headers:265 - << Keep-Alive: timeout=20
2023-12-02 20:17:11 DEBUG headers:265 - << Connection: keep-alive
2023-12-02 20:17:11 DEBUG DefaultHttpClient:504 - Connection can be kept alive for 20000 MILLISECONDS
2023-12-02 20:17:11 DEBUG RequestSpecificationImpl$RestAssuredHttpBuilder:545 - Parsing response as: application/json
2023-12-02 20:17:11 DEBUG RequestSpecificationImpl$RestAssuredHttpBuilder:548 - Parsed data to instance of: class org.apache.http.conn.EofSensorInputStream
2023-12-02 20:17:11 DEBUG wire:73 -  << "949[\r][\n]"
2023-12-02 20:17:11 DEBUG wire:87 -  << "{"volume":16,"voitures":["{\"id\":2,\"marque\":\"Peugeot\",\"modele\":\"3008\",\"finition\":\"Allure\",\"carburant\":\"DIESEL\",\"km\":4,\"annee\":2020,\"prix\":38000}","{\"id\":3,\"marque\":\"Renault\",\"modele\":\"M[0xc3][0x9a]gane\",\"finition\":\"Dynamique\",\"carburant\":\"ESSENCE\",\"km\":133000,\"annee\":2007,\"prix\":3100}","{\"id\":4,\"marque\":\"Opel\",\"modele\":\"Corsa\",\"finition\":\"Elegance\",\"carburant\":\"ESSENCE\",\"km\":140,\"annee\":0,\"prix\":0}","{\"id\":5,\"marque\":\"Audi\",\"modele\":\"R8\",\"finition\":\"Black edition\",\"carburant\":\"ESSENCE\",\"km\":68000,\"annee\":2009,\"prix\":50000}","{\"id\":6,\"marque\":\"BMW\",\"modele\":\"F30\",\"finition\":\"Lounge\",\"carburant\":\"ESSENCE\",\"km\":210000,\"annee\":2014,\"prix\":23990}","{\"id\":7,\"marque\":\"Renault\",\"modele\":\"VelSatis\",\"finition\":\"Initiale\",\"carburant\":\"DIESEL\",\"km\":174000,\"annee\":2006,\"prix\":3000}","{\"id\":8,\"marque\":\"Volvo\",\"modele\":\"V60\",\"finition\":\"Inscription\",\"carburant\":\"DIESEL\",\"km\":80674,\"annee\":2016,\"prix\":12890}","{\"id\":9,\"marque\":\"DS\",\"modele\":\"DS5\",\"finition\":\"Sport chic\",\"carburant\":\"HYBRIDE\",\"km\":111111,\"annee\":2018,\"prix\":14590}","{\"id\":13,\"marque\":\"oyota\",\"modele\":\"Camry\",\"finition\":\"LE\",\"carburant\":\"ESSENCE\",\"km\":50000,\"annee\":2022,\"prix\":25000}","{\"id\":14,\"marque\":\"ota\",\"modele\":\"Camry\",\"finition\":\"LE\",\"carburant\":\"ESSENCE\",\"km\":50000,\"annee\":2022,\"prix\":25000}","{\"id\":15,\"marque\":\"Toyota\",\"modele\":\"Camry\",\"finition\":\"LE\",\"carburant\":\"ESSENCE\",\"km\":50000,\"annee\":2022,\"prix\":25000}","{\"id\":16,\"marque\":\"Toyota\",\"modele\":\"Camry\",\"finition\":\"LE\",\"carburant\":\"ESSENCE\",\"km\":50000,\"annee\":2022,\"prix\":25000}","{\"id\":17,\"marque\":\"Toyota\",\"modele\":\"Camry\",\"finition\":\"LE\",\"carburant\":\"ESSENCE\",\"km\":50000,\"annee\":2022,\"prix\":25000}","{\"id\":18,\"marque\":\"Toyota\",\"modele\":\"Camry\",\"finition\":\"LE\",\"carburant\":\"ESSENCE\",\"km\":50000,\"annee\":2022,\"prix\":25000}","{\"id\":19,\"marque\":\"Toyota\",\"modele\":\"Camry\",\"finition\":\"LE\",\"carburant\":\"ESSENCE\",\"km\":50000,\"annee\":2022,\"prix\":25000}","{\"id\":20,\"marque\":\"Toyota\",\"modele\":\"Camry\",\"finition\":\"LE\",\"carburant\":\"ESSENCE\",\"km\":50000,\"annee\":2022,\"prix\":25000}"]}"
2023-12-02 20:17:11 DEBUG wire:73 -  << "[\r][\n]"
2023-12-02 20:17:11 DEBUG wire:73 -  << "0[\r][\n]"
2023-12-02 20:17:11 DEBUG wire:73 -  << "[\r][\n]"
2023-12-02 20:17:11 DEBUG BasicClientConnectionManager:200 - Releasing connection org.apache.http.impl.conn.ManagedClientConnectionImpl@5a83be9
2023-12-02 20:17:11 DEBUG BasicClientConnectionManager:225 - Connection can be kept alive for 20000 MILLISECONDS
HTTP/1.1 200 
Content-Type: application/json
Transfer-Encoding: chunked
Date: Sat, 02 Dec 2023 19:17:11 GMT
Keep-Alive: timeout=20
Connection: keep-alive

{
    "volume": 16,
    "voitures": [
        "{\"id\":2,\"marque\":\"Peugeot\",\"modele\":\"3008\",\"finition\":\"Allure\",\"carburant\":\"DIESEL\",\"km\":4,\"annee\":2020,\"prix\":38000}",
        "{\"id\":3,\"marque\":\"Renault\",\"modele\":\"MÚgane\",\"finition\":\"Dynamique\",\"carburant\":\"ESSENCE\",\"km\":133000,\"annee\":2007,\"prix\":3100}",
        "{\"id\":4,\"marque\":\"Opel\",\"modele\":\"Corsa\",\"finition\":\"Elegance\",\"carburant\":\"ESSENCE\",\"km\":140,\"annee\":0,\"prix\":0}",
        "{\"id\":5,\"marque\":\"Audi\",\"modele\":\"R8\",\"finition\":\"Black edition\",\"carburant\":\"ESSENCE\",\"km\":68000,\"annee\":2009,\"prix\":50000}",
        "{\"id\":6,\"marque\":\"BMW\",\"modele\":\"F30\",\"finition\":\"Lounge\",\"carburant\":\"ESSENCE\",\"km\":210000,\"annee\":2014,\"prix\":23990}",
        "{\"id\":7,\"marque\":\"Renault\",\"modele\":\"VelSatis\",\"finition\":\"Initiale\",\"carburant\":\"DIESEL\",\"km\":174000,\"annee\":2006,\"prix\":3000}",
        "{\"id\":8,\"marque\":\"Volvo\",\"modele\":\"V60\",\"finition\":\"Inscription\",\"carburant\":\"DIESEL\",\"km\":80674,\"annee\":2016,\"prix\":12890}",
        "{\"id\":9,\"marque\":\"DS\",\"modele\":\"DS5\",\"finition\":\"Sport chic\",\"carburant\":\"HYBRIDE\",\"km\":111111,\"annee\":2018,\"prix\":14590}",
        "{\"id\":13,\"marque\":\"oyota\",\"modele\":\"Camry\",\"finition\":\"LE\",\"carburant\":\"ESSENCE\",\"km\":50000,\"annee\":2022,\"prix\":25000}",
        "{\"id\":14,\"marque\":\"ota\",\"modele\":\"Camry\",\"finition\":\"LE\",\"carburant\":\"ESSENCE\",\"km\":50000,\"annee\":2022,\"prix\":25000}",
        "{\"id\":15,\"marque\":\"Toyota\",\"modele\":\"Camry\",\"finition\":\"LE\",\"carburant\":\"ESSENCE\",\"km\":50000,\"annee\":2022,\"prix\":25000}",
        "{\"id\":16,\"marque\":\"Toyota\",\"modele\":\"Camry\",\"finition\":\"LE\",\"carburant\":\"ESSENCE\",\"km\":50000,\"annee\":2022,\"prix\":25000}",
        "{\"id\":17,\"marque\":\"Toyota\",\"modele\":\"Camry\",\"finition\":\"LE\",\"carburant\":\"ESSENCE\",\"km\":50000,\"annee\":2022,\"prix\":25000}",
        "{\"id\":18,\"marque\":\"Toyota\",\"modele\":\"Camry\",\"finition\":\"LE\",\"carburant\":\"ESSENCE\",\"km\":50000,\"annee\":2022,\"prix\":25000}",
        "{\"id\":19,\"marque\":\"Toyota\",\"modele\":\"Camry\",\"finition\":\"LE\",\"carburant\":\"ESSENCE\",\"km\":50000,\"annee\":2022,\"prix\":25000}",
        "{\"id\":20,\"marque\":\"Toyota\",\"modele\":\"Camry\",\"finition\":\"LE\",\"carburant\":\"ESSENCE\",\"km\":50000,\"annee\":2022,\"prix\":25000}"
    ]
}
]]></system-out>
  </testcase>
  <testcase name="testGetVoitureById" classname="esiea.integrationtest.VoitureIntegrationTest" time="0.091">
    <system-out><![CDATA[2023-12-02 20:17:11 DEBUG BasicClientConnectionManager:161 - Get connection for route {}->http://localhost:8080
2023-12-02 20:17:11 DEBUG DefaultClientConnectionOperator:177 - Connecting to localhost:8080
2023-12-02 20:17:11 DEBUG RequestAddCookies:123 - CookieSpec selected: ignoreCookies
2023-12-02 20:17:11 DEBUG RequestAuthCache:77 - Auth cache not set in the context
2023-12-02 20:17:11 DEBUG RequestTargetAuthentication:80 - Target auth state: UNCHALLENGED
2023-12-02 20:17:11 DEBUG RequestProxyAuthentication:89 - Proxy auth state: UNCHALLENGED
2023-12-02 20:17:11 DEBUG DefaultHttpClient:677 - Attempt 1 to execute request
2023-12-02 20:17:11 DEBUG DefaultClientConnection:274 - Sending request: GET /esieaBack/rest/voiture/get/2 HTTP/1.1
2023-12-02 20:17:11 DEBUG wire:73 -  >> "GET /esieaBack/rest/voiture/get/2 HTTP/1.1[\r][\n]"
2023-12-02 20:17:11 DEBUG wire:73 -  >> "Accept: */*[\r][\n]"
2023-12-02 20:17:11 DEBUG wire:73 -  >> "Host: localhost:8080[\r][\n]"
2023-12-02 20:17:11 DEBUG wire:73 -  >> "Connection: Keep-Alive[\r][\n]"
2023-12-02 20:17:11 DEBUG wire:73 -  >> "User-Agent: Apache-HttpClient/4.5.13 (Java/17.0.6)[\r][\n]"
2023-12-02 20:17:11 DEBUG wire:73 -  >> "Accept-Encoding: gzip,deflate[\r][\n]"
2023-12-02 20:17:11 DEBUG wire:73 -  >> "[\r][\n]"
2023-12-02 20:17:11 DEBUG headers:278 - >> GET /esieaBack/rest/voiture/get/2 HTTP/1.1
2023-12-02 20:17:11 DEBUG headers:281 - >> Accept: */*
2023-12-02 20:17:11 DEBUG headers:281 - >> Host: localhost:8080
2023-12-02 20:17:11 DEBUG headers:281 - >> Connection: Keep-Alive
2023-12-02 20:17:11 DEBUG headers:281 - >> User-Agent: Apache-HttpClient/4.5.13 (Java/17.0.6)
2023-12-02 20:17:11 DEBUG headers:281 - >> Accept-Encoding: gzip,deflate
2023-12-02 20:17:11 DEBUG wire:73 -  << "HTTP/1.1 200 [\r][\n]"
2023-12-02 20:17:11 DEBUG wire:73 -  << "Content-Type: application/json[\r][\n]"
2023-12-02 20:17:11 DEBUG wire:73 -  << "Transfer-Encoding: chunked[\r][\n]"
2023-12-02 20:17:11 DEBUG wire:73 -  << "Date: Sat, 02 Dec 2023 19:17:11 GMT[\r][\n]"
2023-12-02 20:17:11 DEBUG wire:73 -  << "Keep-Alive: timeout=20[\r][\n]"
2023-12-02 20:17:11 DEBUG wire:73 -  << "Connection: keep-alive[\r][\n]"
2023-12-02 20:17:11 DEBUG wire:73 -  << "[\r][\n]"
2023-12-02 20:17:11 DEBUG DefaultClientConnection:259 - Receiving response: HTTP/1.1 200 
2023-12-02 20:17:11 DEBUG headers:262 - << HTTP/1.1 200 
2023-12-02 20:17:11 DEBUG headers:265 - << Content-Type: application/json
2023-12-02 20:17:11 DEBUG headers:265 - << Transfer-Encoding: chunked
2023-12-02 20:17:11 DEBUG headers:265 - << Date: Sat, 02 Dec 2023 19:17:11 GMT
2023-12-02 20:17:11 DEBUG headers:265 - << Keep-Alive: timeout=20
2023-12-02 20:17:11 DEBUG headers:265 - << Connection: keep-alive
2023-12-02 20:17:11 DEBUG DefaultHttpClient:504 - Connection can be kept alive for 20000 MILLISECONDS
2023-12-02 20:17:11 DEBUG RequestSpecificationImpl$RestAssuredHttpBuilder:545 - Parsing response as: application/json
2023-12-02 20:17:11 DEBUG RequestSpecificationImpl$RestAssuredHttpBuilder:548 - Parsed data to instance of: class org.apache.http.conn.EofSensorInputStream
2023-12-02 20:17:11 DEBUG wire:73 -  << "a6[\r][\n]"
2023-12-02 20:17:11 DEBUG wire:87 -  << "{"volume":1,"voiture":"{\"id\":2,\"marque\":\"Peugeot\",\"modele\":\"3008\",\"finition\":\"Allure\",\"carburant\":\"DIESEL\",\"km\":4,\"annee\":2020,\"prix\":38000}"}"
2023-12-02 20:17:11 DEBUG wire:73 -  << "[\r][\n]"
2023-12-02 20:17:11 DEBUG wire:73 -  << "0[\r][\n]"
2023-12-02 20:17:11 DEBUG wire:73 -  << "[\r][\n]"
2023-12-02 20:17:11 DEBUG BasicClientConnectionManager:200 - Releasing connection org.apache.http.impl.conn.ManagedClientConnectionImpl@7fa1004
2023-12-02 20:17:11 DEBUG BasicClientConnectionManager:225 - Connection can be kept alive for 20000 MILLISECONDS
HTTP/1.1 200 
Content-Type: application/json
Transfer-Encoding: chunked
Date: Sat, 02 Dec 2023 19:17:11 GMT
Keep-Alive: timeout=20
Connection: keep-alive

{
    "volume": 1,
    "voiture": "{\"id\":2,\"marque\":\"Peugeot\",\"modele\":\"3008\",\"finition\":\"Allure\",\"carburant\":\"DIESEL\",\"km\":4,\"annee\":2020,\"prix\":38000}"
}
]]></system-out>
  </testcase>
  <testcase name="testSupprimerVoiture" classname="esiea.integrationtest.VoitureIntegrationTest" time="0.104">
    <system-out><![CDATA[2023-12-02 20:17:11 DEBUG BasicClientConnectionManager:161 - Get connection for route {}->http://localhost:8080
2023-12-02 20:17:11 DEBUG DefaultClientConnectionOperator:177 - Connecting to localhost:8080
2023-12-02 20:17:11 DEBUG RequestAddCookies:123 - CookieSpec selected: ignoreCookies
2023-12-02 20:17:11 DEBUG RequestAuthCache:77 - Auth cache not set in the context
2023-12-02 20:17:11 DEBUG RequestTargetAuthentication:80 - Target auth state: UNCHALLENGED
2023-12-02 20:17:11 DEBUG RequestProxyAuthentication:89 - Proxy auth state: UNCHALLENGED
2023-12-02 20:17:11 DEBUG DefaultHttpClient:677 - Attempt 1 to execute request
2023-12-02 20:17:11 DEBUG DefaultClientConnection:274 - Sending request: POST /esieaBack/rest/voiture/del HTTP/1.1
2023-12-02 20:17:11 DEBUG wire:73 -  >> "POST /esieaBack/rest/voiture/del HTTP/1.1[\r][\n]"
2023-12-02 20:17:11 DEBUG wire:73 -  >> "Accept: */*[\r][\n]"
2023-12-02 20:17:11 DEBUG wire:73 -  >> "Content-Type: application/json[\r][\n]"
2023-12-02 20:17:11 DEBUG wire:73 -  >> "Content-Length: 1[\r][\n]"
2023-12-02 20:17:11 DEBUG wire:73 -  >> "Host: localhost:8080[\r][\n]"
2023-12-02 20:17:11 DEBUG wire:73 -  >> "Connection: Keep-Alive[\r][\n]"
2023-12-02 20:17:11 DEBUG wire:73 -  >> "User-Agent: Apache-HttpClient/4.5.13 (Java/17.0.6)[\r][\n]"
2023-12-02 20:17:11 DEBUG wire:73 -  >> "Accept-Encoding: gzip,deflate[\r][\n]"
2023-12-02 20:17:11 DEBUG wire:73 -  >> "[\r][\n]"
2023-12-02 20:17:11 DEBUG headers:278 - >> POST /esieaBack/rest/voiture/del HTTP/1.1
2023-12-02 20:17:11 DEBUG headers:281 - >> Accept: */*
2023-12-02 20:17:11 DEBUG headers:281 - >> Content-Type: application/json
2023-12-02 20:17:11 DEBUG headers:281 - >> Content-Length: 1
2023-12-02 20:17:11 DEBUG headers:281 - >> Host: localhost:8080
2023-12-02 20:17:11 DEBUG headers:281 - >> Connection: Keep-Alive
2023-12-02 20:17:11 DEBUG headers:281 - >> User-Agent: Apache-HttpClient/4.5.13 (Java/17.0.6)
2023-12-02 20:17:11 DEBUG headers:281 - >> Accept-Encoding: gzip,deflate
2023-12-02 20:17:11 DEBUG wire:87 -  >> "1"
2023-12-02 20:17:11 DEBUG wire:73 -  << "HTTP/1.1 200 [\r][\n]"
2023-12-02 20:17:11 DEBUG wire:73 -  << "Content-Type: application/json[\r][\n]"
2023-12-02 20:17:11 DEBUG wire:73 -  << "Transfer-Encoding: chunked[\r][\n]"
2023-12-02 20:17:11 DEBUG wire:73 -  << "Date: Sat, 02 Dec 2023 19:17:11 GMT[\r][\n]"
2023-12-02 20:17:11 DEBUG wire:73 -  << "Keep-Alive: timeout=20[\r][\n]"
2023-12-02 20:17:11 DEBUG wire:73 -  << "Connection: keep-alive[\r][\n]"
2023-12-02 20:17:11 DEBUG wire:73 -  << "[\r][\n]"
2023-12-02 20:17:11 DEBUG DefaultClientConnection:259 - Receiving response: HTTP/1.1 200 
2023-12-02 20:17:11 DEBUG headers:262 - << HTTP/1.1 200 
2023-12-02 20:17:11 DEBUG headers:265 - << Content-Type: application/json
2023-12-02 20:17:11 DEBUG headers:265 - << Transfer-Encoding: chunked
2023-12-02 20:17:11 DEBUG headers:265 - << Date: Sat, 02 Dec 2023 19:17:11 GMT
2023-12-02 20:17:11 DEBUG headers:265 - << Keep-Alive: timeout=20
2023-12-02 20:17:11 DEBUG headers:265 - << Connection: keep-alive
2023-12-02 20:17:11 DEBUG DefaultHttpClient:504 - Connection can be kept alive for 20000 MILLISECONDS
2023-12-02 20:17:11 DEBUG RequestSpecificationImpl$RestAssuredHttpBuilder:545 - Parsing response as: application/json
2023-12-02 20:17:11 DEBUG RequestSpecificationImpl$RestAssuredHttpBuilder:548 - Parsed data to instance of: class org.apache.http.conn.EofSensorInputStream
2023-12-02 20:17:11 DEBUG wire:73 -  << "f[\r][\n]"
2023-12-02 20:17:11 DEBUG wire:87 -  << "{"succes":true}"
2023-12-02 20:17:11 DEBUG wire:73 -  << "[\r][\n]"
2023-12-02 20:17:11 DEBUG wire:73 -  << "0[\r][\n]"
2023-12-02 20:17:11 DEBUG wire:73 -  << "[\r][\n]"
2023-12-02 20:17:11 DEBUG BasicClientConnectionManager:200 - Releasing connection org.apache.http.impl.conn.ManagedClientConnectionImpl@27cc72fb
2023-12-02 20:17:11 DEBUG BasicClientConnectionManager:225 - Connection can be kept alive for 20000 MILLISECONDS
]]></system-out>
  </testcase>
  <testcase name="testInvalidAjouterVoiture" classname="esiea.integrationtest.VoitureIntegrationTest" time="0.044">
    <system-out><![CDATA[2023-12-02 20:17:11 DEBUG BasicClientConnectionManager:161 - Get connection for route {}->http://localhost:8080
2023-12-02 20:17:11 DEBUG DefaultClientConnectionOperator:177 - Connecting to localhost:8080
2023-12-02 20:17:11 DEBUG RequestAddCookies:123 - CookieSpec selected: ignoreCookies
2023-12-02 20:17:11 DEBUG RequestAuthCache:77 - Auth cache not set in the context
2023-12-02 20:17:11 DEBUG RequestTargetAuthentication:80 - Target auth state: UNCHALLENGED
2023-12-02 20:17:11 DEBUG RequestProxyAuthentication:89 - Proxy auth state: UNCHALLENGED
2023-12-02 20:17:11 DEBUG DefaultHttpClient:677 - Attempt 1 to execute request
2023-12-02 20:17:11 DEBUG DefaultClientConnection:274 - Sending request: POST /esieaBack/rest/voiture/add HTTP/1.1
2023-12-02 20:17:11 DEBUG wire:73 -  >> "POST /esieaBack/rest/voiture/add HTTP/1.1[\r][\n]"
2023-12-02 20:17:11 DEBUG wire:73 -  >> "Accept: */*[\r][\n]"
2023-12-02 20:17:11 DEBUG wire:73 -  >> "Content-Type: text/plain; charset=ISO-8859-1[\r][\n]"
2023-12-02 20:17:11 DEBUG wire:73 -  >> "Content-Length: 115[\r][\n]"
2023-12-02 20:17:11 DEBUG wire:73 -  >> "Host: localhost:8080[\r][\n]"
2023-12-02 20:17:11 DEBUG wire:73 -  >> "Connection: Keep-Alive[\r][\n]"
2023-12-02 20:17:11 DEBUG wire:73 -  >> "User-Agent: Apache-HttpClient/4.5.13 (Java/17.0.6)[\r][\n]"
2023-12-02 20:17:11 DEBUG wire:73 -  >> "Accept-Encoding: gzip,deflate[\r][\n]"
2023-12-02 20:17:11 DEBUG wire:73 -  >> "[\r][\n]"
2023-12-02 20:17:11 DEBUG headers:278 - >> POST /esieaBack/rest/voiture/add HTTP/1.1
2023-12-02 20:17:11 DEBUG headers:281 - >> Accept: */*
2023-12-02 20:17:11 DEBUG headers:281 - >> Content-Type: text/plain; charset=ISO-8859-1
2023-12-02 20:17:11 DEBUG headers:281 - >> Content-Length: 115
2023-12-02 20:17:11 DEBUG headers:281 - >> Host: localhost:8080
2023-12-02 20:17:11 DEBUG headers:281 - >> Connection: Keep-Alive
2023-12-02 20:17:11 DEBUG headers:281 - >> User-Agent: Apache-HttpClient/4.5.13 (Java/17.0.6)
2023-12-02 20:17:11 DEBUG headers:281 - >> Accept-Encoding: gzip,deflate
2023-12-02 20:17:11 DEBUG wire:87 -  >> "{"marque":"Testsinvalid","modele":"Camry","finition":"","carburant":"ESSENCE","km":10000,"annee":2020,"prix":25000}"
2023-12-02 20:17:11 DEBUG wire:73 -  << "HTTP/1.1 200 [\r][\n]"
2023-12-02 20:17:11 DEBUG wire:73 -  << "Content-Type: application/json[\r][\n]"
2023-12-02 20:17:11 DEBUG wire:73 -  << "Transfer-Encoding: chunked[\r][\n]"
2023-12-02 20:17:11 DEBUG wire:73 -  << "Date: Sat, 02 Dec 2023 19:17:11 GMT[\r][\n]"
2023-12-02 20:17:11 DEBUG wire:73 -  << "Keep-Alive: timeout=20[\r][\n]"
2023-12-02 20:17:11 DEBUG wire:73 -  << "Connection: keep-alive[\r][\n]"
2023-12-02 20:17:11 DEBUG wire:73 -  << "[\r][\n]"
2023-12-02 20:17:11 DEBUG DefaultClientConnection:259 - Receiving response: HTTP/1.1 200 
2023-12-02 20:17:11 DEBUG headers:262 - << HTTP/1.1 200 
2023-12-02 20:17:11 DEBUG headers:265 - << Content-Type: application/json
2023-12-02 20:17:11 DEBUG headers:265 - << Transfer-Encoding: chunked
2023-12-02 20:17:11 DEBUG headers:265 - << Date: Sat, 02 Dec 2023 19:17:11 GMT
2023-12-02 20:17:11 DEBUG headers:265 - << Keep-Alive: timeout=20
2023-12-02 20:17:11 DEBUG headers:265 - << Connection: keep-alive
2023-12-02 20:17:11 DEBUG DefaultHttpClient:504 - Connection can be kept alive for 20000 MILLISECONDS
2023-12-02 20:17:11 DEBUG RequestSpecificationImpl$RestAssuredHttpBuilder:545 - Parsing response as: application/json
2023-12-02 20:17:11 DEBUG RequestSpecificationImpl$RestAssuredHttpBuilder:548 - Parsed data to instance of: class org.apache.http.conn.EofSensorInputStream
2023-12-02 20:17:11 DEBUG wire:73 -  << "10[\r][\n]"
2023-12-02 20:17:11 DEBUG wire:87 -  << "{"succes":false}"
2023-12-02 20:17:11 DEBUG wire:73 -  << "[\r][\n]"
2023-12-02 20:17:11 DEBUG wire:73 -  << "0[\r][\n]"
2023-12-02 20:17:11 DEBUG wire:73 -  << "[\r][\n]"
2023-12-02 20:17:11 DEBUG BasicClientConnectionManager:200 - Releasing connection org.apache.http.impl.conn.ManagedClientConnectionImpl@4276bd6
2023-12-02 20:17:11 DEBUG BasicClientConnectionManager:225 - Connection can be kept alive for 20000 MILLISECONDS
HTTP/1.1 200 
Content-Type: application/json
Transfer-Encoding: chunked
Date: Sat, 02 Dec 2023 19:17:11 GMT
Keep-Alive: timeout=20
Connection: keep-alive

{
    "succes": false
}
]]></system-out>
  </testcase>
  <testcase name="testAjouterVoiture" classname="esiea.integrationtest.VoitureIntegrationTest" time="0.31">
    <system-out><![CDATA[2023-12-02 20:17:11 DEBUG DefaultClientConnection:180 - Connection 0.0.0.0:64960<->127.0.0.1:8080 closed
2023-12-02 20:17:11 DEBUG DefaultClientConnection:180 - Connection 0.0.0.0:64958<->127.0.0.1:8080 closed
2023-12-02 20:17:11 DEBUG DefaultClientConnection:180 - Connection 0.0.0.0:64964<->127.0.0.1:8080 closed
2023-12-02 20:17:11 DEBUG DefaultClientConnection:180 - Connection 0.0.0.0:64962<->127.0.0.1:8080 closed
2023-12-02 20:17:12 DEBUG BasicClientConnectionManager:161 - Get connection for route {}->http://localhost:8080
2023-12-02 20:17:12 DEBUG DefaultClientConnectionOperator:177 - Connecting to localhost:8080
2023-12-02 20:17:12 DEBUG RequestAddCookies:123 - CookieSpec selected: ignoreCookies
2023-12-02 20:17:12 DEBUG RequestAuthCache:77 - Auth cache not set in the context
2023-12-02 20:17:12 DEBUG RequestTargetAuthentication:80 - Target auth state: UNCHALLENGED
2023-12-02 20:17:12 DEBUG RequestProxyAuthentication:89 - Proxy auth state: UNCHALLENGED
2023-12-02 20:17:12 DEBUG DefaultHttpClient:677 - Attempt 1 to execute request
2023-12-02 20:17:12 DEBUG DefaultClientConnection:274 - Sending request: POST /esieaBack/rest/voiture/add HTTP/1.1
2023-12-02 20:17:12 DEBUG wire:73 -  >> "POST /esieaBack/rest/voiture/add HTTP/1.1[\r][\n]"
2023-12-02 20:17:12 DEBUG wire:73 -  >> "Accept: */*[\r][\n]"
2023-12-02 20:17:12 DEBUG wire:73 -  >> "Content-Type: text/plain; charset=ISO-8859-1[\r][\n]"
2023-12-02 20:17:12 DEBUG wire:73 -  >> "Content-Length: 125[\r][\n]"
2023-12-02 20:17:12 DEBUG wire:73 -  >> "Host: localhost:8080[\r][\n]"
2023-12-02 20:17:12 DEBUG wire:73 -  >> "Connection: Keep-Alive[\r][\n]"
2023-12-02 20:17:12 DEBUG wire:73 -  >> "User-Agent: Apache-HttpClient/4.5.13 (Java/17.0.6)[\r][\n]"
2023-12-02 20:17:12 DEBUG wire:73 -  >> "Accept-Encoding: gzip,deflate[\r][\n]"
2023-12-02 20:17:12 DEBUG wire:73 -  >> "[\r][\n]"
2023-12-02 20:17:12 DEBUG headers:278 - >> POST /esieaBack/rest/voiture/add HTTP/1.1
2023-12-02 20:17:12 DEBUG headers:281 - >> Accept: */*
2023-12-02 20:17:12 DEBUG headers:281 - >> Content-Type: text/plain; charset=ISO-8859-1
2023-12-02 20:17:12 DEBUG headers:281 - >> Content-Length: 125
2023-12-02 20:17:12 DEBUG headers:281 - >> Host: localhost:8080
2023-12-02 20:17:12 DEBUG headers:281 - >> Connection: Keep-Alive
2023-12-02 20:17:12 DEBUG headers:281 - >> User-Agent: Apache-HttpClient/4.5.13 (Java/17.0.6)
2023-12-02 20:17:12 DEBUG headers:281 - >> Accept-Encoding: gzip,deflate
2023-12-02 20:17:12 DEBUG wire:87 -  >> "{"id":0,"marque":"Testsdd","modele":"Camry","finition":"Standard","carburant":"ESSENCE","km":10000,"annee":2020,"prix":25000}"
2023-12-02 20:17:12 DEBUG wire:73 -  << "HTTP/1.1 200 [\r][\n]"
2023-12-02 20:17:12 DEBUG wire:73 -  << "Content-Type: application/json[\r][\n]"
2023-12-02 20:17:12 DEBUG wire:73 -  << "Transfer-Encoding: chunked[\r][\n]"
2023-12-02 20:17:12 DEBUG wire:73 -  << "Date: Sat, 02 Dec 2023 19:17:11 GMT[\r][\n]"
2023-12-02 20:17:12 DEBUG wire:73 -  << "Keep-Alive: timeout=20[\r][\n]"
2023-12-02 20:17:12 DEBUG wire:73 -  << "Connection: keep-alive[\r][\n]"
2023-12-02 20:17:12 DEBUG wire:73 -  << "[\r][\n]"
2023-12-02 20:17:12 DEBUG DefaultClientConnection:259 - Receiving response: HTTP/1.1 200 
2023-12-02 20:17:12 DEBUG headers:262 - << HTTP/1.1 200 
2023-12-02 20:17:12 DEBUG headers:265 - << Content-Type: application/json
2023-12-02 20:17:12 DEBUG headers:265 - << Transfer-Encoding: chunked
2023-12-02 20:17:12 DEBUG headers:265 - << Date: Sat, 02 Dec 2023 19:17:11 GMT
2023-12-02 20:17:12 DEBUG headers:265 - << Keep-Alive: timeout=20
2023-12-02 20:17:12 DEBUG headers:265 - << Connection: keep-alive
2023-12-02 20:17:12 DEBUG DefaultHttpClient:504 - Connection can be kept alive for 20000 MILLISECONDS
2023-12-02 20:17:12 DEBUG RequestSpecificationImpl$RestAssuredHttpBuilder:545 - Parsing response as: application/json
2023-12-02 20:17:12 DEBUG RequestSpecificationImpl$RestAssuredHttpBuilder:548 - Parsed data to instance of: class org.apache.http.conn.EofSensorInputStream
2023-12-02 20:17:12 DEBUG wire:73 -  << "10[\r][\n]"
2023-12-02 20:17:12 DEBUG wire:87 -  << "{"succes":false}"
2023-12-02 20:17:12 DEBUG wire:73 -  << "[\r][\n]"
2023-12-02 20:17:12 DEBUG wire:73 -  << "0[\r][\n]"
2023-12-02 20:17:12 DEBUG wire:73 -  << "[\r][\n]"
2023-12-02 20:17:12 DEBUG BasicClientConnectionManager:200 - Releasing connection org.apache.http.impl.conn.ManagedClientConnectionImpl@22e7efe
2023-12-02 20:17:12 DEBUG BasicClientConnectionManager:225 - Connection can be kept alive for 20000 MILLISECONDS
HTTP/1.1 200 
Content-Type: application/json
Transfer-Encoding: chunked
Date: Sat, 02 Dec 2023 19:17:11 GMT
Keep-Alive: timeout=20
Connection: keep-alive

{
    "succes": false
}
]]></system-out>
  </testcase>
</testsuite>